2022-05-14 19:14:33.911 [restartedMain] INFO  com.spb.houqin.HouQinApplication - Starting HouQinApplication on MS-20181105THKC with PID 7048 (started by Administrator in C:\Users\Administrator\Desktop\修改档\修改档\houqin新\houqin(6)\houqin)
2022-05-14 19:14:33.916 [restartedMain] INFO  com.spb.houqin.HouQinApplication - The following profiles are active: dev
2022-05-14 19:14:34.000 [restartedMain] INFO  o.s.b.w.s.c.AnnotationConfigServletWebServerApplicationContext - Refreshing org.springframework.boot.web.servlet.context.AnnotationConfigServletWebServerApplicationContext@638f32dc: startup date [Sat May 14 19:14:34 CST 2022]; root of context hierarchy
2022-05-14 19:14:36.642 [restartedMain] INFO  o.s.boot.web.embedded.tomcat.TomcatWebServer - Tomcat initialized with port(s): 8088 (http)
2022-05-14 19:14:36.662 [restartedMain] INFO  org.apache.coyote.http11.Http11NioProtocol - Initializing ProtocolHandler ["http-nio-8088"]
2022-05-14 19:14:36.677 [restartedMain] INFO  org.apache.catalina.core.StandardService - Starting service [Tomcat]
2022-05-14 19:14:36.678 [restartedMain] INFO  org.apache.catalina.core.StandardEngine - Starting Servlet Engine: Apache Tomcat/8.5.31
2022-05-14 19:14:36.683 [localhost-startStop-1] INFO  org.apache.catalina.core.AprLifecycleListener - The APR based Apache Tomcat Native library which allows optimal performance in production environments was not found on the java.library.path: [C:\Users\Administrator\.jdks\corretto-1.8.0_302\bin;C:\Windows\Sun\Java\bin;C:\Windows\system32;C:\Windows;C:\Program Files (x86)\Common Files\Oracle\Java\javapath;C:\Windows\system32;C:\Windows;C:\Windows\System32\Wbem;C:\Windows\System32\WindowsPowerShell\v1.0\;C:\Program Files (x86)\NVIDIA Corporation\PhysX\Common;C:\Program Files\Java\jdk-11.0.6\bin;%JAVA-HOME%\bin;C:\Program Files (x86)\Microsoft SQL Server\150\DTS\Binn\;C:\Program Files\Azure Data Studio\bin;C:\Program Files\Microsoft SQL Server\110\DTS\Binn\;F:\sql系列2\110\Tools\Binn\;F:\sql系列\110\Tools\Binn\;F:\sql系列\110\DTS\Binn\;F:\sql系列2\110\Tools\Binn\ManagementStudio\;C:\Program Files (x86)\Microsoft Visual Studio 10.0\Common7\IDE\PrivateAssemblies\;F:\sql系列2\110\DTS\Binn\;D:\Maven\apache-maven-3.6.1-bin\apache-maven-3.6.1\bin;C:\Program Files\NVIDIA Corporation\NVIDIA NvDLISR;E:\py-huanjing;%JAVA-HOME%\bin;D:\MySQL\mysql-5.7.19-winx64\bin;;C:\Program Files\Azure Data Studio\bin;C:\py文件呢\venv\Scripts;;.]
2022-05-14 19:14:36.964 [localhost-startStop-1] INFO  o.a.c.core.ContainerBase.[Tomcat].[localhost].[/] - Initializing Spring embedded WebApplicationContext
2022-05-14 19:14:36.964 [localhost-startStop-1] INFO  org.springframework.web.context.ContextLoader - Root WebApplicationContext: initialization completed in 2964 ms
2022-05-14 19:14:37.182 [localhost-startStop-1] INFO  o.s.boot.web.servlet.ServletRegistrationBean - Servlet dispatcherServlet mapped to [/]
2022-05-14 19:14:37.191 [localhost-startStop-1] INFO  o.s.boot.web.servlet.FilterRegistrationBean - Mapping filter: 'characterEncodingFilter' to: [/*]
2022-05-14 19:14:37.191 [localhost-startStop-1] INFO  o.s.boot.web.servlet.FilterRegistrationBean - Mapping filter: 'hiddenHttpMethodFilter' to: [/*]
2022-05-14 19:14:37.191 [localhost-startStop-1] INFO  o.s.boot.web.servlet.FilterRegistrationBean - Mapping filter: 'httpPutFormContentFilter' to: [/*]
2022-05-14 19:14:37.192 [localhost-startStop-1] INFO  o.s.boot.web.servlet.FilterRegistrationBean - Mapping filter: 'requestContextFilter' to: [/*]
2022-05-14 19:14:37.552 [restartedMain] INFO  com.zaxxer.hikari.HikariDataSource - HikariPool-1 - Starting...
2022-05-14 19:14:37.997 [restartedMain] INFO  com.zaxxer.hikari.HikariDataSource - HikariPool-1 - Start completed.
2022-05-14 19:14:38.860 [restartedMain] INFO  o.s.web.servlet.handler.SimpleUrlHandlerMapping - Mapped URL path [/**/favicon.ico] onto handler of type [class org.springframework.web.servlet.resource.ResourceHttpRequestHandler]
2022-05-14 19:14:39.169 [restartedMain] INFO  o.s.w.s.m.m.a.RequestMappingHandlerAdapter - Looking for @ControllerAdvice: org.springframework.boot.web.servlet.context.AnnotationConfigServletWebServerApplicationContext@638f32dc: startup date [Sat May 14 19:14:34 CST 2022]; root of context hierarchy
2022-05-14 19:14:39.262 [restartedMain] INFO  o.s.w.s.m.m.a.RequestMappingHandlerMapping - Mapped "{[/admin/index],methods=[GET]}" onto public java.lang.String com.spb.houqin.admin.controller.IndexController.index()
2022-05-14 19:14:39.263 [restartedMain] INFO  o.s.w.s.m.m.a.RequestMappingHandlerMapping - Mapped "{[/admin/test],methods=[GET]}" onto public java.lang.String com.spb.houqin.admin.controller.IndexController.test()
2022-05-14 19:14:39.264 [restartedMain] INFO  o.s.w.s.m.m.a.RequestMappingHandlerMapping - Mapped "{[/admin/login],methods=[GET]}" onto public java.lang.String com.spb.houqin.admin.controller.IndexController.login()
2022-05-14 19:14:39.264 [restartedMain] INFO  o.s.w.s.m.m.a.RequestMappingHandlerMapping - Mapped "{[/admin/welcome],methods=[GET]}" onto public java.lang.String com.spb.houqin.admin.controller.IndexController.welcome()
2022-05-14 19:14:39.268 [restartedMain] INFO  o.s.w.s.m.m.a.RequestMappingHandlerMapping - Mapped "{[/admin/login],methods=[POST]}" onto public com.spb.houqin.common.base.ResponseEntity com.spb.houqin.admin.controller.LoginController.login(com.spb.houqin.admin.entity.User,javax.servlet.http.HttpSession) throws java.net.UnknownHostException
2022-05-14 19:14:39.269 [restartedMain] INFO  o.s.w.s.m.m.a.RequestMappingHandlerMapping - Mapped "{[/admin/exit],methods=[GET]}" onto public java.lang.String com.spb.houqin.admin.controller.LoginController.adminExit(javax.servlet.http.HttpSession) throws java.net.UnknownHostException
2022-05-14 19:14:39.270 [restartedMain] INFO  o.s.w.s.m.m.a.RequestMappingHandlerMapping - Mapped "{[/admin/loginLog/add],methods=[GET]}" onto public java.lang.String com.spb.houqin.admin.controller.LoginLogController.add()
2022-05-14 19:14:39.271 [restartedMain] INFO  o.s.w.s.m.m.a.RequestMappingHandlerMapping - Mapped "{[/admin/loginLog/list],methods=[POST]}" onto public com.spb.houqin.common.base.PageData<com.spb.houqin.admin.entity.LoginLog> com.spb.houqin.admin.controller.LoginLogController.list(java.lang.Integer,java.lang.Integer,javax.servlet.ServletRequest)
2022-05-14 19:14:39.271 [restartedMain] INFO  o.s.w.s.m.m.a.RequestMappingHandlerMapping - Mapped "{[/admin/loginLog/list],methods=[GET]}" onto public java.lang.String com.spb.houqin.admin.controller.LoginLogController.list()
2022-05-14 19:14:39.283 [restartedMain] INFO  o.s.w.s.m.m.a.RequestMappingHandlerMapping - Mapped "{[/admin/maintain/add],methods=[POST]}" onto public com.spb.houqin.common.base.ResponseEntity com.spb.houqin.admin.controller.MaintainController.add(com.spb.houqin.admin.entity.Maintain,javax.servlet.http.HttpSession)
2022-05-14 19:14:39.284 [restartedMain] INFO  o.s.w.s.m.m.a.RequestMappingHandlerMapping - Mapped "{[/admin/maintain/add],methods=[GET]}" onto public java.lang.String com.spb.houqin.admin.controller.MaintainController.add(org.springframework.ui.ModelMap)
2022-05-14 19:14:39.285 [restartedMain] INFO  o.s.w.s.m.m.a.RequestMappingHandlerMapping - Mapped "{[/admin/maintain/list],methods=[POST]}" onto public com.spb.houqin.common.base.PageData<com.spb.houqin.admin.entity.Maintain> com.spb.houqin.admin.controller.MaintainController.list(java.lang.Integer,java.lang.Integer,javax.servlet.ServletRequest,javax.servlet.http.HttpSession)
2022-05-14 19:14:39.285 [restartedMain] INFO  o.s.w.s.m.m.a.RequestMappingHandlerMapping - Mapped "{[/admin/maintain/list],methods=[GET]}" onto public java.lang.String com.spb.houqin.admin.controller.MaintainController.list()
2022-05-14 19:14:39.286 [restartedMain] INFO  o.s.w.s.m.m.a.RequestMappingHandlerMapping - Mapped "{[/admin/maintain/uploadFile],methods=[POST]}" onto public java.util.Map com.spb.houqin.admin.controller.MaintainController.uploadPicture(org.springframework.web.multipart.MultipartFile,javax.servlet.http.HttpServletRequest) throws java.io.IOException
2022-05-14 19:14:39.287 [restartedMain] INFO  o.s.w.s.m.m.a.RequestMappingHandlerMapping - Mapped "{[/admin/maintain/weixiu],methods=[GET]}" onto public java.lang.String com.spb.houqin.admin.controller.MaintainController.weixiu(org.springframework.ui.ModelMap,java.lang.String)
2022-05-14 19:14:39.287 [restartedMain] INFO  o.s.w.s.m.m.a.RequestMappingHandlerMapping - Mapped "{[/admin/maintain/weixiu],methods=[POST]}" onto public com.spb.houqin.common.base.ResponseEntity com.spb.houqin.admin.controller.MaintainController.weixiu(com.spb.houqin.admin.entity.Maintain,javax.servlet.http.HttpSession)
2022-05-14 19:14:39.287 [restartedMain] INFO  o.s.w.s.m.m.a.RequestMappingHandlerMapping - Mapped "{[/admin/maintain/bohui],methods=[POST]}" onto public com.spb.houqin.common.base.ResponseEntity com.spb.houqin.admin.controller.MaintainController.bohui(java.lang.String,javax.servlet.http.HttpSession)
2022-05-14 19:14:39.288 [restartedMain] INFO  o.s.w.s.m.m.a.RequestMappingHandlerMapping - Mapped "{[/admin/maintain/tongguo],methods=[POST]}" onto public com.spb.houqin.common.base.ResponseEntity com.spb.houqin.admin.controller.MaintainController.tongguo(java.lang.String,javax.servlet.http.HttpSession)
2022-05-14 19:14:39.288 [restartedMain] INFO  o.s.w.s.m.m.a.RequestMappingHandlerMapping - Mapped "{[/admin/maintain/pingjia],methods=[POST]}" onto public com.spb.houqin.common.base.ResponseEntity com.spb.houqin.admin.controller.MaintainController.pingjia(com.spb.houqin.admin.entity.Maintain,javax.servlet.http.HttpSession)
2022-05-14 19:14:39.288 [restartedMain] INFO  o.s.w.s.m.m.a.RequestMappingHandlerMapping - Mapped "{[/admin/maintain/pingjia],methods=[GET]}" onto public java.lang.String com.spb.houqin.admin.controller.MaintainController.pingjia(org.springframework.ui.ModelMap,java.lang.String)
2022-05-14 19:14:39.289 [restartedMain] INFO  o.s.w.s.m.m.a.RequestMappingHandlerMapping - Mapped "{[/admin/maintain/edit],methods=[POST]}" onto public com.spb.houqin.common.base.ResponseEntity com.spb.houqin.admin.controller.MaintainController.edit(com.spb.houqin.admin.entity.Maintain,javax.servlet.http.HttpSession)
2022-05-14 19:14:39.289 [restartedMain] INFO  o.s.w.s.m.m.a.RequestMappingHandlerMapping - Mapped "{[/admin/maintain/edit],methods=[GET]}" onto public java.lang.String com.spb.houqin.admin.controller.MaintainController.edit(java.lang.String,org.springframework.ui.ModelMap)
2022-05-14 19:14:39.290 [restartedMain] INFO  o.s.w.s.m.m.a.RequestMappingHandlerMapping - Mapped "{[/admin/maintain/delete],methods=[POST]}" onto public com.spb.houqin.common.base.ResponseEntity com.spb.houqin.admin.controller.MaintainController.del(java.lang.String,javax.servlet.http.HttpSession)
2022-05-14 19:14:39.290 [restartedMain] INFO  o.s.w.s.m.m.a.RequestMappingHandlerMapping - Mapped "{[/admin/maintain/statics],methods=[GET]}" onto public java.lang.String com.spb.houqin.admin.controller.MaintainController.toStatics()
2022-05-14 19:14:39.290 [restartedMain] INFO  o.s.w.s.m.m.a.RequestMappingHandlerMapping - Mapped "{[/admin/maintain/statics2],methods=[GET]}" onto public java.lang.String com.spb.houqin.admin.controller.MaintainController.toStatics2()
2022-05-14 19:14:39.290 [restartedMain] INFO  o.s.w.s.m.m.a.RequestMappingHandlerMapping - Mapped "{[/admin/maintain/statics3],methods=[GET]}" onto public java.lang.String com.spb.houqin.admin.controller.MaintainController.toStatics3()
2022-05-14 19:14:39.291 [restartedMain] INFO  o.s.w.s.m.m.a.RequestMappingHandlerMapping - Mapped "{[/admin/maintain/getStatics],methods=[GET]}" onto public com.spb.houqin.common.base.AjaxResult com.spb.houqin.admin.controller.MaintainController.getStatics(java.lang.String)
2022-05-14 19:14:39.291 [restartedMain] INFO  o.s.w.s.m.m.a.RequestMappingHandlerMapping - Mapped "{[/admin/maintain/getStatics1],methods=[GET]}" onto public com.spb.houqin.common.base.AjaxResult com.spb.houqin.admin.controller.MaintainController.getStatics1(javax.servlet.http.HttpSession)
2022-05-14 19:14:39.291 [restartedMain] INFO  o.s.w.s.m.m.a.RequestMappingHandlerMapping - Mapped "{[/admin/maintain/getStatics2],methods=[GET]}" onto public com.spb.houqin.common.base.AjaxResult com.spb.houqin.admin.controller.MaintainController.getStatics2(javax.servlet.http.HttpSession)
2022-05-14 19:14:39.291 [restartedMain] INFO  o.s.w.s.m.m.a.RequestMappingHandlerMapping - Mapped "{[/admin/maintain/getStatics3],methods=[GET]}" onto public com.spb.houqin.common.base.AjaxResult com.spb.houqin.admin.controller.MaintainController.getStatics3(javax.servlet.http.HttpSession)
2022-05-14 19:14:39.291 [restartedMain] INFO  o.s.w.s.m.m.a.RequestMappingHandlerMapping - Mapped "{[/admin/maintain/getStatics4],methods=[GET]}" onto public com.spb.houqin.common.base.AjaxResult com.spb.houqin.admin.controller.MaintainController.getStatics4(javax.servlet.http.HttpSession)
2022-05-14 19:14:39.291 [restartedMain] INFO  o.s.w.s.m.m.a.RequestMappingHandlerMapping - Mapped "{[/admin/maintain/getStatics5],methods=[GET]}" onto public com.spb.houqin.common.base.AjaxResult com.spb.houqin.admin.controller.MaintainController.getStatics5(javax.servlet.http.HttpSession)
2022-05-14 19:14:39.292 [restartedMain] INFO  o.s.w.s.m.m.a.RequestMappingHandlerMapping - Mapped "{[/admin/maintain/getStatics6],methods=[GET]}" onto public com.spb.houqin.common.base.AjaxResult com.spb.houqin.admin.controller.MaintainController.getStatics6()
2022-05-14 19:14:39.292 [restartedMain] INFO  o.s.w.s.m.m.a.RequestMappingHandlerMapping - Mapped "{[/admin/maintain/getStatics7],methods=[GET]}" onto public com.spb.houqin.common.base.AjaxResult com.spb.houqin.admin.controller.MaintainController.getStatics7()
2022-05-14 19:14:39.293 [restartedMain] INFO  o.s.w.s.m.m.a.RequestMappingHandlerMapping - Mapped "{[/admin/operationLog/list],methods=[GET]}" onto public java.lang.String com.spb.houqin.admin.controller.OperationLogController.list()
2022-05-14 19:14:39.294 [restartedMain] INFO  o.s.w.s.m.m.a.RequestMappingHandlerMapping - Mapped "{[/admin/operationLog/list],methods=[POST]}" onto public com.spb.houqin.common.base.PageData<com.spb.houqin.admin.entity.OperationLog> com.spb.houqin.admin.controller.OperationLogController.list(java.lang.Integer,java.lang.Integer,javax.servlet.ServletRequest)
2022-05-14 19:14:39.296 [restartedMain] INFO  o.s.w.s.m.m.a.RequestMappingHandlerMapping - Mapped "{[/admin/tool/add],methods=[POST]}" onto public com.spb.houqin.common.base.ResponseEntity com.spb.houqin.admin.controller.ToolController.add(com.spb.houqin.admin.entity.Tool,javax.servlet.http.HttpSession)
2022-05-14 19:14:39.297 [restartedMain] INFO  o.s.w.s.m.m.a.RequestMappingHandlerMapping - Mapped "{[/admin/tool/add],methods=[GET]}" onto public java.lang.String com.spb.houqin.admin.controller.ToolController.add()
2022-05-14 19:14:39.297 [restartedMain] INFO  o.s.w.s.m.m.a.RequestMappingHandlerMapping - Mapped "{[/admin/tool/list],methods=[POST]}" onto public com.spb.houqin.common.base.PageData<com.spb.houqin.admin.entity.Tool> com.spb.houqin.admin.controller.ToolController.list(java.lang.Integer,java.lang.Integer,javax.servlet.ServletRequest)
2022-05-14 19:14:39.297 [restartedMain] INFO  o.s.w.s.m.m.a.RequestMappingHandlerMapping - Mapped "{[/admin/tool/list],methods=[GET]}" onto public java.lang.String com.spb.houqin.admin.controller.ToolController.list()
2022-05-14 19:14:39.298 [restartedMain] INFO  o.s.w.s.m.m.a.RequestMappingHandlerMapping - Mapped "{[/admin/tool/uploadFile],methods=[POST]}" onto public java.util.Map com.spb.houqin.admin.controller.ToolController.uploadPicture(org.springframework.web.multipart.MultipartFile,javax.servlet.http.HttpServletRequest) throws java.io.IOException
2022-05-14 19:14:39.298 [restartedMain] INFO  o.s.w.s.m.m.a.RequestMappingHandlerMapping - Mapped "{[/admin/tool/edit],methods=[POST]}" onto public com.spb.houqin.common.base.ResponseEntity com.spb.houqin.admin.controller.ToolController.edit(com.spb.houqin.admin.entity.Tool,javax.servlet.http.HttpSession)
2022-05-14 19:14:39.298 [restartedMain] INFO  o.s.w.s.m.m.a.RequestMappingHandlerMapping - Mapped "{[/admin/tool/edit],methods=[GET]}" onto public java.lang.String com.spb.houqin.admin.controller.ToolController.edit(java.lang.String,org.springframework.ui.ModelMap)
2022-05-14 19:14:39.299 [restartedMain] INFO  o.s.w.s.m.m.a.RequestMappingHandlerMapping - Mapped "{[/admin/tool/delete],methods=[POST]}" onto public com.spb.houqin.common.base.ResponseEntity com.spb.houqin.admin.controller.ToolController.del(java.lang.String,javax.servlet.http.HttpSession)
2022-05-14 19:14:39.305 [restartedMain] INFO  o.s.w.s.m.m.a.RequestMappingHandlerMapping - Mapped "{[/admin/user/add],methods=[GET]}" onto public java.lang.String com.spb.houqin.admin.controller.UserController.add()
2022-05-14 19:14:39.306 [restartedMain] INFO  o.s.w.s.m.m.a.RequestMappingHandlerMapping - Mapped "{[/admin/user/add],methods=[POST]}" onto public com.spb.houqin.common.base.ResponseEntity com.spb.houqin.admin.controller.UserController.add(com.spb.houqin.admin.entity.User,javax.servlet.http.HttpSession)
2022-05-14 19:14:39.306 [restartedMain] INFO  o.s.w.s.m.m.a.RequestMappingHandlerMapping - Mapped "{[/admin/user/lock],methods=[POST]}" onto public com.spb.houqin.common.base.ResponseEntity com.spb.houqin.admin.controller.UserController.lock(java.lang.String,javax.servlet.http.HttpSession)
2022-05-14 19:14:39.306 [restartedMain] INFO  o.s.w.s.m.m.a.RequestMappingHandlerMapping - Mapped "{[/admin/user/update],methods=[POST]}" onto public com.spb.houqin.common.base.ResponseEntity com.spb.houqin.admin.controller.UserController.update(com.spb.houqin.admin.entity.User,javax.servlet.http.HttpSession)
2022-05-14 19:14:39.306 [restartedMain] INFO  o.s.w.s.m.m.a.RequestMappingHandlerMapping - Mapped "{[/admin/user/updatePassword],methods=[POST]}" onto public com.spb.houqin.common.base.ResponseEntity com.spb.houqin.admin.controller.UserController.update(com.spb.houqin.admin.entity.Password,javax.servlet.http.HttpSession)
2022-05-14 19:14:39.307 [restartedMain] INFO  o.s.w.s.m.m.a.RequestMappingHandlerMapping - Mapped "{[/admin/user/list],methods=[GET]}" onto public java.lang.String com.spb.houqin.admin.controller.UserController.list()
2022-05-14 19:14:39.307 [restartedMain] INFO  o.s.w.s.m.m.a.RequestMappingHandlerMapping - Mapped "{[/admin/user/list],methods=[POST]}" onto public com.spb.houqin.common.base.PageData<com.spb.houqin.admin.entity.User> com.spb.houqin.admin.controller.UserController.list(java.lang.Integer,java.lang.Integer,javax.servlet.ServletRequest)
2022-05-14 19:14:39.307 [restartedMain] INFO  o.s.w.s.m.m.a.RequestMappingHandlerMapping - Mapped "{[/admin/user/self],methods=[GET]}" onto public java.lang.String com.spb.houqin.admin.controller.UserController.self(javax.servlet.http.HttpSession,org.springframework.ui.ModelMap)
2022-05-14 19:14:39.308 [restartedMain] INFO  o.s.w.s.m.m.a.RequestMappingHandlerMapping - Mapped "{[/admin/user/edit],methods=[POST]}" onto public com.spb.houqin.common.base.ResponseEntity com.spb.houqin.admin.controller.UserController.edit(com.spb.houqin.admin.entity.User,javax.servlet.http.HttpSession)
2022-05-14 19:14:39.308 [restartedMain] INFO  o.s.w.s.m.m.a.RequestMappingHandlerMapping - Mapped "{[/admin/user/edit],methods=[GET]}" onto public java.lang.String com.spb.houqin.admin.controller.UserController.edit(java.lang.String,org.springframework.ui.ModelMap)
2022-05-14 19:14:39.308 [restartedMain] INFO  o.s.w.s.m.m.a.RequestMappingHandlerMapping - Mapped "{[/admin/user/delete],methods=[POST]}" onto public com.spb.houqin.common.base.ResponseEntity com.spb.houqin.admin.controller.UserController.delelte(java.lang.String,javax.servlet.http.HttpSession)
2022-05-14 19:14:39.309 [restartedMain] INFO  o.s.w.s.m.m.a.RequestMappingHandlerMapping - Mapped "{[/admin/user/lockAll]}" onto public com.spb.houqin.common.base.ResponseEntity com.spb.houqin.admin.controller.UserController.lockAll()
2022-05-14 19:14:39.309 [restartedMain] INFO  o.s.w.s.m.m.a.RequestMappingHandlerMapping - Mapped "{[/kaptcha]}" onto public void com.cuisongliu.kaptcha.autoconfigure.controller.KaptchaController.index(javax.servlet.http.HttpServletRequest,javax.servlet.http.HttpServletResponse)
2022-05-14 19:14:39.312 [restartedMain] INFO  o.s.w.s.m.m.a.RequestMappingHandlerMapping - Mapped "{[/error]}" onto public org.springframework.http.ResponseEntity<java.util.Map<java.lang.String, java.lang.Object>> org.springframework.boot.autoconfigure.web.servlet.error.BasicErrorController.error(javax.servlet.http.HttpServletRequest)
2022-05-14 19:14:39.313 [restartedMain] INFO  o.s.w.s.m.m.a.RequestMappingHandlerMapping - Mapped "{[/error],produces=[text/html]}" onto public org.springframework.web.servlet.ModelAndView org.springframework.boot.autoconfigure.web.servlet.error.BasicErrorController.errorHtml(javax.servlet.http.HttpServletRequest,javax.servlet.http.HttpServletResponse)
2022-05-14 19:14:39.360 [restartedMain] INFO  o.s.web.servlet.handler.SimpleUrlHandlerMapping - Mapped URL path [/webjars/**] onto handler of type [class org.springframework.web.servlet.resource.ResourceHttpRequestHandler]
2022-05-14 19:14:39.361 [restartedMain] INFO  o.s.web.servlet.handler.SimpleUrlHandlerMapping - Mapped URL path [/static/**] onto handler of type [class org.springframework.web.servlet.resource.ResourceHttpRequestHandler]
2022-05-14 19:14:39.361 [restartedMain] INFO  o.s.web.servlet.handler.SimpleUrlHandlerMapping - Mapped URL path [/image/**] onto handler of type [class org.springframework.web.servlet.resource.ResourceHttpRequestHandler]
2022-05-14 19:14:39.791 [restartedMain] INFO  o.s.w.servlet.view.freemarker.FreeMarkerConfigurer - ClassTemplateLoader for Spring macros added to FreeMarker configuration
2022-05-14 19:14:40.636 [restartedMain] INFO  o.s.b.d.autoconfigure.OptionalLiveReloadServer - LiveReload server is running on port 35729
2022-05-14 19:14:40.685 [restartedMain] INFO  o.s.jmx.export.annotation.AnnotationMBeanExporter - Registering beans for JMX exposure on startup
2022-05-14 19:14:40.687 [restartedMain] INFO  o.s.jmx.export.annotation.AnnotationMBeanExporter - Bean with name 'dataSource' has been autodetected for JMX exposure
2022-05-14 19:14:40.694 [restartedMain] INFO  o.s.jmx.export.annotation.AnnotationMBeanExporter - Located MBean 'dataSource': registering with JMX server as MBean [com.zaxxer.hikari:name=dataSource,type=HikariDataSource]
2022-05-14 19:14:40.708 [restartedMain] INFO  org.apache.coyote.http11.Http11NioProtocol - Starting ProtocolHandler ["http-nio-8088"]
2022-05-14 19:14:40.725 [restartedMain] INFO  org.apache.tomcat.util.net.NioSelectorPool - Using a shared selector for servlet write/read
2022-05-14 19:14:40.752 [restartedMain] INFO  org.mortbay.log - Logging to Logger[org.mortbay.log] via org.mortbay.log.Slf4jLog
2022-05-14 19:14:40.772 [restartedMain] INFO  o.s.boot.web.embedded.tomcat.TomcatWebServer - Tomcat started on port(s): 8088 (http) with context path ''
2022-05-14 19:14:40.902 [restartedMain] INFO  com.spb.houqin.HouQinApplication - Started HouQinApplication in 7.63 seconds (JVM running for 11.04)
2022-05-14 19:14:51.633 [http-nio-8088-exec-1] INFO  org.apache.tomcat.util.http.parser.Cookie - A cookie header was received [1652451243,1652493754,1652524452; Hm_lpvt_b393d153aeb26b46e9431fabaf0f6190=1652525088] that contained an invalid cookie. That cookie will be ignored.Note: further occurrences of this error will be logged at DEBUG level.
2022-05-14 19:14:51.647 [http-nio-8088-exec-1] INFO  o.a.c.core.ContainerBase.[Tomcat].[localhost].[/] - Initializing Spring FrameworkServlet 'dispatcherServlet'
2022-05-14 19:14:51.647 [http-nio-8088-exec-1] INFO  org.springframework.web.servlet.DispatcherServlet - FrameworkServlet 'dispatcherServlet': initialization started
2022-05-14 19:14:51.678 [http-nio-8088-exec-1] INFO  org.springframework.web.servlet.DispatcherServlet - FrameworkServlet 'dispatcherServlet': initialization completed in 31 ms
2022-05-14 19:20:13.213 [restartedMain] INFO  com.spb.houqin.HouQinApplication - Starting HouQinApplication on MS-20181105THKC with PID 17460 (started by Administrator in C:\Users\Administrator\Desktop\修改档\修改档\houqin新\houqin(6)\houqin)
2022-05-14 19:20:13.216 [restartedMain] INFO  com.spb.houqin.HouQinApplication - The following profiles are active: dev
2022-05-14 19:20:13.307 [restartedMain] INFO  o.s.b.w.s.c.AnnotationConfigServletWebServerApplicationContext - Refreshing org.springframework.boot.web.servlet.context.AnnotationConfigServletWebServerApplicationContext@cc2243e: startup date [Sat May 14 19:20:13 CST 2022]; root of context hierarchy
2022-05-14 19:20:16.044 [restartedMain] INFO  o.s.boot.web.embedded.tomcat.TomcatWebServer - Tomcat initialized with port(s): 8088 (http)
2022-05-14 19:20:16.063 [restartedMain] INFO  org.apache.coyote.http11.Http11NioProtocol - Initializing ProtocolHandler ["http-nio-8088"]
2022-05-14 19:20:16.080 [restartedMain] INFO  org.apache.catalina.core.StandardService - Starting service [Tomcat]
2022-05-14 19:20:16.081 [restartedMain] INFO  org.apache.catalina.core.StandardEngine - Starting Servlet Engine: Apache Tomcat/8.5.31
2022-05-14 19:20:16.085 [localhost-startStop-1] INFO  org.apache.catalina.core.AprLifecycleListener - The APR based Apache Tomcat Native library which allows optimal performance in production environments was not found on the java.library.path: [C:\Users\Administrator\.jdks\corretto-1.8.0_302\bin;C:\Windows\Sun\Java\bin;C:\Windows\system32;C:\Windows;C:\Program Files (x86)\Common Files\Oracle\Java\javapath;C:\Windows\system32;C:\Windows;C:\Windows\System32\Wbem;C:\Windows\System32\WindowsPowerShell\v1.0\;C:\Program Files (x86)\NVIDIA Corporation\PhysX\Common;C:\Program Files\Java\jdk-11.0.6\bin;%JAVA-HOME%\bin;C:\Program Files (x86)\Microsoft SQL Server\150\DTS\Binn\;C:\Program Files\Azure Data Studio\bin;C:\Program Files\Microsoft SQL Server\110\DTS\Binn\;F:\sql系列2\110\Tools\Binn\;F:\sql系列\110\Tools\Binn\;F:\sql系列\110\DTS\Binn\;F:\sql系列2\110\Tools\Binn\ManagementStudio\;C:\Program Files (x86)\Microsoft Visual Studio 10.0\Common7\IDE\PrivateAssemblies\;F:\sql系列2\110\DTS\Binn\;D:\Maven\apache-maven-3.6.1-bin\apache-maven-3.6.1\bin;C:\Program Files\NVIDIA Corporation\NVIDIA NvDLISR;E:\py-huanjing;%JAVA-HOME%\bin;D:\MySQL\mysql-5.7.19-winx64\bin;;C:\Program Files\Azure Data Studio\bin;C:\py文件呢\venv\Scripts;;.]
2022-05-14 19:20:16.374 [localhost-startStop-1] INFO  o.a.c.core.ContainerBase.[Tomcat].[localhost].[/] - Initializing Spring embedded WebApplicationContext
2022-05-14 19:20:16.375 [localhost-startStop-1] INFO  org.springframework.web.context.ContextLoader - Root WebApplicationContext: initialization completed in 3067 ms
2022-05-14 19:20:16.606 [localhost-startStop-1] INFO  o.s.boot.web.servlet.ServletRegistrationBean - Servlet dispatcherServlet mapped to [/]
2022-05-14 19:20:16.613 [localhost-startStop-1] INFO  o.s.boot.web.servlet.FilterRegistrationBean - Mapping filter: 'characterEncodingFilter' to: [/*]
2022-05-14 19:20:16.614 [localhost-startStop-1] INFO  o.s.boot.web.servlet.FilterRegistrationBean - Mapping filter: 'hiddenHttpMethodFilter' to: [/*]
2022-05-14 19:20:16.614 [localhost-startStop-1] INFO  o.s.boot.web.servlet.FilterRegistrationBean - Mapping filter: 'httpPutFormContentFilter' to: [/*]
2022-05-14 19:20:16.614 [localhost-startStop-1] INFO  o.s.boot.web.servlet.FilterRegistrationBean - Mapping filter: 'requestContextFilter' to: [/*]
2022-05-14 19:20:17.001 [restartedMain] INFO  com.zaxxer.hikari.HikariDataSource - HikariPool-1 - Starting...
2022-05-14 19:20:17.444 [restartedMain] INFO  com.zaxxer.hikari.HikariDataSource - HikariPool-1 - Start completed.
2022-05-14 19:20:18.369 [restartedMain] INFO  o.s.web.servlet.handler.SimpleUrlHandlerMapping - Mapped URL path [/**/favicon.ico] onto handler of type [class org.springframework.web.servlet.resource.ResourceHttpRequestHandler]
2022-05-14 19:20:18.682 [restartedMain] INFO  o.s.w.s.m.m.a.RequestMappingHandlerAdapter - Looking for @ControllerAdvice: org.springframework.boot.web.servlet.context.AnnotationConfigServletWebServerApplicationContext@cc2243e: startup date [Sat May 14 19:20:13 CST 2022]; root of context hierarchy
2022-05-14 19:20:18.778 [restartedMain] INFO  o.s.w.s.m.m.a.RequestMappingHandlerMapping - Mapped "{[/admin/index],methods=[GET]}" onto public java.lang.String com.spb.houqin.admin.controller.IndexController.index()
2022-05-14 19:20:18.779 [restartedMain] INFO  o.s.w.s.m.m.a.RequestMappingHandlerMapping - Mapped "{[/admin/test],methods=[GET]}" onto public java.lang.String com.spb.houqin.admin.controller.IndexController.test()
2022-05-14 19:20:18.780 [restartedMain] INFO  o.s.w.s.m.m.a.RequestMappingHandlerMapping - Mapped "{[/admin/login],methods=[GET]}" onto public java.lang.String com.spb.houqin.admin.controller.IndexController.login()
2022-05-14 19:20:18.780 [restartedMain] INFO  o.s.w.s.m.m.a.RequestMappingHandlerMapping - Mapped "{[/admin/welcome],methods=[GET]}" onto public java.lang.String com.spb.houqin.admin.controller.IndexController.welcome()
2022-05-14 19:20:18.784 [restartedMain] INFO  o.s.w.s.m.m.a.RequestMappingHandlerMapping - Mapped "{[/admin/login],methods=[POST]}" onto public com.spb.houqin.common.base.ResponseEntity com.spb.houqin.admin.controller.LoginController.login(com.spb.houqin.admin.entity.User,javax.servlet.http.HttpSession) throws java.net.UnknownHostException
2022-05-14 19:20:18.785 [restartedMain] INFO  o.s.w.s.m.m.a.RequestMappingHandlerMapping - Mapped "{[/admin/exit],methods=[GET]}" onto public java.lang.String com.spb.houqin.admin.controller.LoginController.adminExit(javax.servlet.http.HttpSession) throws java.net.UnknownHostException
2022-05-14 19:20:18.786 [restartedMain] INFO  o.s.w.s.m.m.a.RequestMappingHandlerMapping - Mapped "{[/admin/loginLog/add],methods=[GET]}" onto public java.lang.String com.spb.houqin.admin.controller.LoginLogController.add()
2022-05-14 19:20:18.787 [restartedMain] INFO  o.s.w.s.m.m.a.RequestMappingHandlerMapping - Mapped "{[/admin/loginLog/list],methods=[POST]}" onto public com.spb.houqin.common.base.PageData<com.spb.houqin.admin.entity.LoginLog> com.spb.houqin.admin.controller.LoginLogController.list(java.lang.Integer,java.lang.Integer,javax.servlet.ServletRequest)
2022-05-14 19:20:18.787 [restartedMain] INFO  o.s.w.s.m.m.a.RequestMappingHandlerMapping - Mapped "{[/admin/loginLog/list],methods=[GET]}" onto public java.lang.String com.spb.houqin.admin.controller.LoginLogController.list()
2022-05-14 19:20:18.799 [restartedMain] INFO  o.s.w.s.m.m.a.RequestMappingHandlerMapping - Mapped "{[/admin/maintain/add],methods=[POST]}" onto public com.spb.houqin.common.base.ResponseEntity com.spb.houqin.admin.controller.MaintainController.add(com.spb.houqin.admin.entity.Maintain,javax.servlet.http.HttpSession)
2022-05-14 19:20:18.800 [restartedMain] INFO  o.s.w.s.m.m.a.RequestMappingHandlerMapping - Mapped "{[/admin/maintain/add],methods=[GET]}" onto public java.lang.String com.spb.houqin.admin.controller.MaintainController.add(org.springframework.ui.ModelMap)
2022-05-14 19:20:18.801 [restartedMain] INFO  o.s.w.s.m.m.a.RequestMappingHandlerMapping - Mapped "{[/admin/maintain/list],methods=[POST]}" onto public com.spb.houqin.common.base.PageData<com.spb.houqin.admin.entity.Maintain> com.spb.houqin.admin.controller.MaintainController.list(java.lang.Integer,java.lang.Integer,javax.servlet.ServletRequest,javax.servlet.http.HttpSession)
2022-05-14 19:20:18.801 [restartedMain] INFO  o.s.w.s.m.m.a.RequestMappingHandlerMapping - Mapped "{[/admin/maintain/list],methods=[GET]}" onto public java.lang.String com.spb.houqin.admin.controller.MaintainController.list()
2022-05-14 19:20:18.802 [restartedMain] INFO  o.s.w.s.m.m.a.RequestMappingHandlerMapping - Mapped "{[/admin/maintain/uploadFile],methods=[POST]}" onto public java.util.Map com.spb.houqin.admin.controller.MaintainController.uploadPicture(org.springframework.web.multipart.MultipartFile,javax.servlet.http.HttpServletRequest) throws java.io.IOException
2022-05-14 19:20:18.802 [restartedMain] INFO  o.s.w.s.m.m.a.RequestMappingHandlerMapping - Mapped "{[/admin/maintain/weixiu],methods=[GET]}" onto public java.lang.String com.spb.houqin.admin.controller.MaintainController.weixiu(org.springframework.ui.ModelMap,java.lang.String)
2022-05-14 19:20:18.803 [restartedMain] INFO  o.s.w.s.m.m.a.RequestMappingHandlerMapping - Mapped "{[/admin/maintain/weixiu],methods=[POST]}" onto public com.spb.houqin.common.base.ResponseEntity com.spb.houqin.admin.controller.MaintainController.weixiu(com.spb.houqin.admin.entity.Maintain,javax.servlet.http.HttpSession)
2022-05-14 19:20:18.803 [restartedMain] INFO  o.s.w.s.m.m.a.RequestMappingHandlerMapping - Mapped "{[/admin/maintain/bohui],methods=[POST]}" onto public com.spb.houqin.common.base.ResponseEntity com.spb.houqin.admin.controller.MaintainController.bohui(java.lang.String,javax.servlet.http.HttpSession)
2022-05-14 19:20:18.803 [restartedMain] INFO  o.s.w.s.m.m.a.RequestMappingHandlerMapping - Mapped "{[/admin/maintain/tongguo],methods=[POST]}" onto public com.spb.houqin.common.base.ResponseEntity com.spb.houqin.admin.controller.MaintainController.tongguo(java.lang.String,javax.servlet.http.HttpSession)
2022-05-14 19:20:18.804 [restartedMain] INFO  o.s.w.s.m.m.a.RequestMappingHandlerMapping - Mapped "{[/admin/maintain/pingjia],methods=[GET]}" onto public java.lang.String com.spb.houqin.admin.controller.MaintainController.pingjia(org.springframework.ui.ModelMap,java.lang.String)
2022-05-14 19:20:18.804 [restartedMain] INFO  o.s.w.s.m.m.a.RequestMappingHandlerMapping - Mapped "{[/admin/maintain/pingjia],methods=[POST]}" onto public com.spb.houqin.common.base.ResponseEntity com.spb.houqin.admin.controller.MaintainController.pingjia(com.spb.houqin.admin.entity.Maintain,javax.servlet.http.HttpSession)
2022-05-14 19:20:18.804 [restartedMain] INFO  o.s.w.s.m.m.a.RequestMappingHandlerMapping - Mapped "{[/admin/maintain/edit],methods=[POST]}" onto public com.spb.houqin.common.base.ResponseEntity com.spb.houqin.admin.controller.MaintainController.edit(com.spb.houqin.admin.entity.Maintain,javax.servlet.http.HttpSession)
2022-05-14 19:20:18.805 [restartedMain] INFO  o.s.w.s.m.m.a.RequestMappingHandlerMapping - Mapped "{[/admin/maintain/edit],methods=[GET]}" onto public java.lang.String com.spb.houqin.admin.controller.MaintainController.edit(java.lang.String,org.springframework.ui.ModelMap)
2022-05-14 19:20:18.805 [restartedMain] INFO  o.s.w.s.m.m.a.RequestMappingHandlerMapping - Mapped "{[/admin/maintain/delete],methods=[POST]}" onto public com.spb.houqin.common.base.ResponseEntity com.spb.houqin.admin.controller.MaintainController.del(java.lang.String,javax.servlet.http.HttpSession)
2022-05-14 19:20:18.805 [restartedMain] INFO  o.s.w.s.m.m.a.RequestMappingHandlerMapping - Mapped "{[/admin/maintain/statics],methods=[GET]}" onto public java.lang.String com.spb.houqin.admin.controller.MaintainController.toStatics()
2022-05-14 19:20:18.806 [restartedMain] INFO  o.s.w.s.m.m.a.RequestMappingHandlerMapping - Mapped "{[/admin/maintain/statics2],methods=[GET]}" onto public java.lang.String com.spb.houqin.admin.controller.MaintainController.toStatics2()
2022-05-14 19:20:18.806 [restartedMain] INFO  o.s.w.s.m.m.a.RequestMappingHandlerMapping - Mapped "{[/admin/maintain/statics3],methods=[GET]}" onto public java.lang.String com.spb.houqin.admin.controller.MaintainController.toStatics3()
2022-05-14 19:20:18.806 [restartedMain] INFO  o.s.w.s.m.m.a.RequestMappingHandlerMapping - Mapped "{[/admin/maintain/getStatics],methods=[GET]}" onto public com.spb.houqin.common.base.AjaxResult com.spb.houqin.admin.controller.MaintainController.getStatics(java.lang.String)
2022-05-14 19:20:18.806 [restartedMain] INFO  o.s.w.s.m.m.a.RequestMappingHandlerMapping - Mapped "{[/admin/maintain/getStatics1],methods=[GET]}" onto public com.spb.houqin.common.base.AjaxResult com.spb.houqin.admin.controller.MaintainController.getStatics1(javax.servlet.http.HttpSession)
2022-05-14 19:20:18.807 [restartedMain] INFO  o.s.w.s.m.m.a.RequestMappingHandlerMapping - Mapped "{[/admin/maintain/getStatics2],methods=[GET]}" onto public com.spb.houqin.common.base.AjaxResult com.spb.houqin.admin.controller.MaintainController.getStatics2(javax.servlet.http.HttpSession)
2022-05-14 19:20:18.807 [restartedMain] INFO  o.s.w.s.m.m.a.RequestMappingHandlerMapping - Mapped "{[/admin/maintain/getStatics3],methods=[GET]}" onto public com.spb.houqin.common.base.AjaxResult com.spb.houqin.admin.controller.MaintainController.getStatics3(javax.servlet.http.HttpSession)
2022-05-14 19:20:18.808 [restartedMain] INFO  o.s.w.s.m.m.a.RequestMappingHandlerMapping - Mapped "{[/admin/maintain/getStatics4],methods=[GET]}" onto public com.spb.houqin.common.base.AjaxResult com.spb.houqin.admin.controller.MaintainController.getStatics4(javax.servlet.http.HttpSession)
2022-05-14 19:20:18.808 [restartedMain] INFO  o.s.w.s.m.m.a.RequestMappingHandlerMapping - Mapped "{[/admin/maintain/getStatics5],methods=[GET]}" onto public com.spb.houqin.common.base.AjaxResult com.spb.houqin.admin.controller.MaintainController.getStatics5(javax.servlet.http.HttpSession)
2022-05-14 19:20:18.808 [restartedMain] INFO  o.s.w.s.m.m.a.RequestMappingHandlerMapping - Mapped "{[/admin/maintain/getStatics6],methods=[GET]}" onto public com.spb.houqin.common.base.AjaxResult com.spb.houqin.admin.controller.MaintainController.getStatics6()
2022-05-14 19:20:18.809 [restartedMain] INFO  o.s.w.s.m.m.a.RequestMappingHandlerMapping - Mapped "{[/admin/maintain/getStatics7],methods=[GET]}" onto public com.spb.houqin.common.base.AjaxResult com.spb.houqin.admin.controller.MaintainController.getStatics7()
2022-05-14 19:20:18.810 [restartedMain] INFO  o.s.w.s.m.m.a.RequestMappingHandlerMapping - Mapped "{[/admin/operationLog/list],methods=[GET]}" onto public java.lang.String com.spb.houqin.admin.controller.OperationLogController.list()
2022-05-14 19:20:18.810 [restartedMain] INFO  o.s.w.s.m.m.a.RequestMappingHandlerMapping - Mapped "{[/admin/operationLog/list],methods=[POST]}" onto public com.spb.houqin.common.base.PageData<com.spb.houqin.admin.entity.OperationLog> com.spb.houqin.admin.controller.OperationLogController.list(java.lang.Integer,java.lang.Integer,javax.servlet.ServletRequest)
2022-05-14 19:20:18.814 [restartedMain] INFO  o.s.w.s.m.m.a.RequestMappingHandlerMapping - Mapped "{[/admin/tool/add],methods=[POST]}" onto public com.spb.houqin.common.base.ResponseEntity com.spb.houqin.admin.controller.ToolController.add(com.spb.houqin.admin.entity.Tool,javax.servlet.http.HttpSession)
2022-05-14 19:20:18.814 [restartedMain] INFO  o.s.w.s.m.m.a.RequestMappingHandlerMapping - Mapped "{[/admin/tool/add],methods=[GET]}" onto public java.lang.String com.spb.houqin.admin.controller.ToolController.add()
2022-05-14 19:20:18.815 [restartedMain] INFO  o.s.w.s.m.m.a.RequestMappingHandlerMapping - Mapped "{[/admin/tool/list],methods=[POST]}" onto public com.spb.houqin.common.base.PageData<com.spb.houqin.admin.entity.Tool> com.spb.houqin.admin.controller.ToolController.list(java.lang.Integer,java.lang.Integer,javax.servlet.ServletRequest)
2022-05-14 19:20:18.815 [restartedMain] INFO  o.s.w.s.m.m.a.RequestMappingHandlerMapping - Mapped "{[/admin/tool/list],methods=[GET]}" onto public java.lang.String com.spb.houqin.admin.controller.ToolController.list()
2022-05-14 19:20:18.815 [restartedMain] INFO  o.s.w.s.m.m.a.RequestMappingHandlerMapping - Mapped "{[/admin/tool/uploadFile],methods=[POST]}" onto public java.util.Map com.spb.houqin.admin.controller.ToolController.uploadPicture(org.springframework.web.multipart.MultipartFile,javax.servlet.http.HttpServletRequest) throws java.io.IOException
2022-05-14 19:20:18.816 [restartedMain] INFO  o.s.w.s.m.m.a.RequestMappingHandlerMapping - Mapped "{[/admin/tool/edit],methods=[POST]}" onto public com.spb.houqin.common.base.ResponseEntity com.spb.houqin.admin.controller.ToolController.edit(com.spb.houqin.admin.entity.Tool,javax.servlet.http.HttpSession)
2022-05-14 19:20:18.816 [restartedMain] INFO  o.s.w.s.m.m.a.RequestMappingHandlerMapping - Mapped "{[/admin/tool/edit],methods=[GET]}" onto public java.lang.String com.spb.houqin.admin.controller.ToolController.edit(java.lang.String,org.springframework.ui.ModelMap)
2022-05-14 19:20:18.816 [restartedMain] INFO  o.s.w.s.m.m.a.RequestMappingHandlerMapping - Mapped "{[/admin/tool/delete],methods=[POST]}" onto public com.spb.houqin.common.base.ResponseEntity com.spb.houqin.admin.controller.ToolController.del(java.lang.String,javax.servlet.http.HttpSession)
2022-05-14 19:20:18.823 [restartedMain] INFO  o.s.w.s.m.m.a.RequestMappingHandlerMapping - Mapped "{[/admin/user/add],methods=[GET]}" onto public java.lang.String com.spb.houqin.admin.controller.UserController.add()
2022-05-14 19:20:18.823 [restartedMain] INFO  o.s.w.s.m.m.a.RequestMappingHandlerMapping - Mapped "{[/admin/user/add],methods=[POST]}" onto public com.spb.houqin.common.base.ResponseEntity com.spb.houqin.admin.controller.UserController.add(com.spb.houqin.admin.entity.User,javax.servlet.http.HttpSession)
2022-05-14 19:20:18.824 [restartedMain] INFO  o.s.w.s.m.m.a.RequestMappingHandlerMapping - Mapped "{[/admin/user/lock],methods=[POST]}" onto public com.spb.houqin.common.base.ResponseEntity com.spb.houqin.admin.controller.UserController.lock(java.lang.String,javax.servlet.http.HttpSession)
2022-05-14 19:20:18.824 [restartedMain] INFO  o.s.w.s.m.m.a.RequestMappingHandlerMapping - Mapped "{[/admin/user/update],methods=[POST]}" onto public com.spb.houqin.common.base.ResponseEntity com.spb.houqin.admin.controller.UserController.update(com.spb.houqin.admin.entity.User,javax.servlet.http.HttpSession)
2022-05-14 19:20:18.824 [restartedMain] INFO  o.s.w.s.m.m.a.RequestMappingHandlerMapping - Mapped "{[/admin/user/updatePassword],methods=[POST]}" onto public com.spb.houqin.common.base.ResponseEntity com.spb.houqin.admin.controller.UserController.update(com.spb.houqin.admin.entity.Password,javax.servlet.http.HttpSession)
2022-05-14 19:20:18.825 [restartedMain] INFO  o.s.w.s.m.m.a.RequestMappingHandlerMapping - Mapped "{[/admin/user/list],methods=[GET]}" onto public java.lang.String com.spb.houqin.admin.controller.UserController.list()
2022-05-14 19:20:18.825 [restartedMain] INFO  o.s.w.s.m.m.a.RequestMappingHandlerMapping - Mapped "{[/admin/user/list],methods=[POST]}" onto public com.spb.houqin.common.base.PageData<com.spb.houqin.admin.entity.User> com.spb.houqin.admin.controller.UserController.list(java.lang.Integer,java.lang.Integer,javax.servlet.ServletRequest)
2022-05-14 19:20:18.825 [restartedMain] INFO  o.s.w.s.m.m.a.RequestMappingHandlerMapping - Mapped "{[/admin/user/self],methods=[GET]}" onto public java.lang.String com.spb.houqin.admin.controller.UserController.self(javax.servlet.http.HttpSession,org.springframework.ui.ModelMap)
2022-05-14 19:20:18.826 [restartedMain] INFO  o.s.w.s.m.m.a.RequestMappingHandlerMapping - Mapped "{[/admin/user/edit],methods=[POST]}" onto public com.spb.houqin.common.base.ResponseEntity com.spb.houqin.admin.controller.UserController.edit(com.spb.houqin.admin.entity.User,javax.servlet.http.HttpSession)
2022-05-14 19:20:18.826 [restartedMain] INFO  o.s.w.s.m.m.a.RequestMappingHandlerMapping - Mapped "{[/admin/user/edit],methods=[GET]}" onto public java.lang.String com.spb.houqin.admin.controller.UserController.edit(java.lang.String,org.springframework.ui.ModelMap)
2022-05-14 19:20:18.826 [restartedMain] INFO  o.s.w.s.m.m.a.RequestMappingHandlerMapping - Mapped "{[/admin/user/delete],methods=[POST]}" onto public com.spb.houqin.common.base.ResponseEntity com.spb.houqin.admin.controller.UserController.delelte(java.lang.String,javax.servlet.http.HttpSession)
2022-05-14 19:20:18.827 [restartedMain] INFO  o.s.w.s.m.m.a.RequestMappingHandlerMapping - Mapped "{[/admin/user/lockAll]}" onto public com.spb.houqin.common.base.ResponseEntity com.spb.houqin.admin.controller.UserController.lockAll()
2022-05-14 19:20:18.828 [restartedMain] INFO  o.s.w.s.m.m.a.RequestMappingHandlerMapping - Mapped "{[/kaptcha]}" onto public void com.cuisongliu.kaptcha.autoconfigure.controller.KaptchaController.index(javax.servlet.http.HttpServletRequest,javax.servlet.http.HttpServletResponse)
2022-05-14 19:20:18.831 [restartedMain] INFO  o.s.w.s.m.m.a.RequestMappingHandlerMapping - Mapped "{[/error]}" onto public org.springframework.http.ResponseEntity<java.util.Map<java.lang.String, java.lang.Object>> org.springframework.boot.autoconfigure.web.servlet.error.BasicErrorController.error(javax.servlet.http.HttpServletRequest)
2022-05-14 19:20:18.832 [restartedMain] INFO  o.s.w.s.m.m.a.RequestMappingHandlerMapping - Mapped "{[/error],produces=[text/html]}" onto public org.springframework.web.servlet.ModelAndView org.springframework.boot.autoconfigure.web.servlet.error.BasicErrorController.errorHtml(javax.servlet.http.HttpServletRequest,javax.servlet.http.HttpServletResponse)
2022-05-14 19:20:18.878 [restartedMain] INFO  o.s.web.servlet.handler.SimpleUrlHandlerMapping - Mapped URL path [/webjars/**] onto handler of type [class org.springframework.web.servlet.resource.ResourceHttpRequestHandler]
2022-05-14 19:20:18.878 [restartedMain] INFO  o.s.web.servlet.handler.SimpleUrlHandlerMapping - Mapped URL path [/static/**] onto handler of type [class org.springframework.web.servlet.resource.ResourceHttpRequestHandler]
2022-05-14 19:20:18.878 [restartedMain] INFO  o.s.web.servlet.handler.SimpleUrlHandlerMapping - Mapped URL path [/image/**] onto handler of type [class org.springframework.web.servlet.resource.ResourceHttpRequestHandler]
2022-05-14 19:20:19.353 [restartedMain] INFO  o.s.w.servlet.view.freemarker.FreeMarkerConfigurer - ClassTemplateLoader for Spring macros added to FreeMarker configuration
2022-05-14 19:20:20.321 [restartedMain] INFO  o.s.b.d.autoconfigure.OptionalLiveReloadServer - LiveReload server is running on port 35729
2022-05-14 19:20:20.371 [restartedMain] INFO  o.s.jmx.export.annotation.AnnotationMBeanExporter - Registering beans for JMX exposure on startup
2022-05-14 19:20:20.372 [restartedMain] INFO  o.s.jmx.export.annotation.AnnotationMBeanExporter - Bean with name 'dataSource' has been autodetected for JMX exposure
2022-05-14 19:20:20.380 [restartedMain] INFO  o.s.jmx.export.annotation.AnnotationMBeanExporter - Located MBean 'dataSource': registering with JMX server as MBean [com.zaxxer.hikari:name=dataSource,type=HikariDataSource]
2022-05-14 19:20:20.397 [restartedMain] INFO  org.apache.coyote.http11.Http11NioProtocol - Starting ProtocolHandler ["http-nio-8088"]
2022-05-14 19:20:20.413 [restartedMain] INFO  org.apache.tomcat.util.net.NioSelectorPool - Using a shared selector for servlet write/read
2022-05-14 19:20:20.445 [restartedMain] INFO  org.mortbay.log - Logging to Logger[org.mortbay.log] via org.mortbay.log.Slf4jLog
2022-05-14 19:20:20.467 [restartedMain] INFO  o.s.boot.web.embedded.tomcat.TomcatWebServer - Tomcat started on port(s): 8088 (http) with context path ''
2022-05-14 19:20:20.474 [restartedMain] INFO  com.spb.houqin.HouQinApplication - Started HouQinApplication in 7.987 seconds (JVM running for 11.441)
2022-05-14 19:20:20.520 [http-nio-8088-exec-1] INFO  org.apache.tomcat.util.http.parser.Cookie - A cookie header was received [1652451243,1652493754,1652524452; JSESSIONID=A311030C46FBABD083B8A92E1A7F4C21; Hm_lpvt_b393d153aeb26b46e9431fabaf0f6190=1652527049] that contained an invalid cookie. That cookie will be ignored.Note: further occurrences of this error will be logged at DEBUG level.
2022-05-14 19:20:20.538 [http-nio-8088-exec-1] INFO  o.a.c.core.ContainerBase.[Tomcat].[localhost].[/] - Initializing Spring FrameworkServlet 'dispatcherServlet'
2022-05-14 19:20:20.538 [http-nio-8088-exec-1] INFO  org.springframework.web.servlet.DispatcherServlet - FrameworkServlet 'dispatcherServlet': initialization started
2022-05-14 19:20:20.573 [http-nio-8088-exec-1] INFO  org.springframework.web.servlet.DispatcherServlet - FrameworkServlet 'dispatcherServlet': initialization completed in 35 ms
2022-05-14 23:03:50.657 [restartedMain] INFO  com.spb.houqin.HouQinApplication - Starting HouQinApplication on MS-20181105THKC with PID 21556 (started by Administrator in C:\Users\Administrator\Desktop\修改档\修改档\houqin新\houqin(6)\houqin)
2022-05-14 23:03:50.660 [restartedMain] INFO  com.spb.houqin.HouQinApplication - The following profiles are active: dev
2022-05-14 23:03:50.731 [restartedMain] INFO  o.s.b.w.s.c.AnnotationConfigServletWebServerApplicationContext - Refreshing org.springframework.boot.web.servlet.context.AnnotationConfigServletWebServerApplicationContext@6666e794: startup date [Sat May 14 23:03:50 CST 2022]; root of context hierarchy
2022-05-14 23:03:53.012 [restartedMain] INFO  o.s.boot.web.embedded.tomcat.TomcatWebServer - Tomcat initialized with port(s): 8088 (http)
2022-05-14 23:03:53.027 [restartedMain] INFO  org.apache.coyote.http11.Http11NioProtocol - Initializing ProtocolHandler ["http-nio-8088"]
2022-05-14 23:03:53.041 [restartedMain] INFO  org.apache.catalina.core.StandardService - Starting service [Tomcat]
2022-05-14 23:03:53.041 [restartedMain] INFO  org.apache.catalina.core.StandardEngine - Starting Servlet Engine: Apache Tomcat/8.5.31
2022-05-14 23:03:53.045 [localhost-startStop-1] INFO  org.apache.catalina.core.AprLifecycleListener - The APR based Apache Tomcat Native library which allows optimal performance in production environments was not found on the java.library.path: [C:\Users\Administrator\.jdks\corretto-1.8.0_302\bin;C:\Windows\Sun\Java\bin;C:\Windows\system32;C:\Windows;C:\Program Files (x86)\Common Files\Oracle\Java\javapath;C:\Windows\system32;C:\Windows;C:\Windows\System32\Wbem;C:\Windows\System32\WindowsPowerShell\v1.0\;C:\Program Files (x86)\NVIDIA Corporation\PhysX\Common;C:\Program Files\Java\jdk-11.0.6\bin;%JAVA-HOME%\bin;C:\Program Files (x86)\Microsoft SQL Server\150\DTS\Binn\;C:\Program Files\Azure Data Studio\bin;C:\Program Files\Microsoft SQL Server\110\DTS\Binn\;F:\sql系列2\110\Tools\Binn\;F:\sql系列\110\Tools\Binn\;F:\sql系列\110\DTS\Binn\;F:\sql系列2\110\Tools\Binn\ManagementStudio\;C:\Program Files (x86)\Microsoft Visual Studio 10.0\Common7\IDE\PrivateAssemblies\;F:\sql系列2\110\DTS\Binn\;D:\Maven\apache-maven-3.6.1-bin\apache-maven-3.6.1\bin;C:\Program Files\NVIDIA Corporation\NVIDIA NvDLISR;E:\py-huanjing;%JAVA-HOME%\bin;D:\MySQL\mysql-5.7.19-winx64\bin;;C:\Program Files\Azure Data Studio\bin;C:\py文件呢\venv\Scripts;;.]
2022-05-14 23:03:53.298 [localhost-startStop-1] INFO  o.a.c.core.ContainerBase.[Tomcat].[localhost].[/] - Initializing Spring embedded WebApplicationContext
2022-05-14 23:03:53.298 [localhost-startStop-1] INFO  org.springframework.web.context.ContextLoader - Root WebApplicationContext: initialization completed in 2567 ms
2022-05-14 23:03:53.487 [localhost-startStop-1] INFO  o.s.boot.web.servlet.ServletRegistrationBean - Servlet dispatcherServlet mapped to [/]
2022-05-14 23:03:53.494 [localhost-startStop-1] INFO  o.s.boot.web.servlet.FilterRegistrationBean - Mapping filter: 'characterEncodingFilter' to: [/*]
2022-05-14 23:03:53.494 [localhost-startStop-1] INFO  o.s.boot.web.servlet.FilterRegistrationBean - Mapping filter: 'hiddenHttpMethodFilter' to: [/*]
2022-05-14 23:03:53.494 [localhost-startStop-1] INFO  o.s.boot.web.servlet.FilterRegistrationBean - Mapping filter: 'httpPutFormContentFilter' to: [/*]
2022-05-14 23:03:53.494 [localhost-startStop-1] INFO  o.s.boot.web.servlet.FilterRegistrationBean - Mapping filter: 'requestContextFilter' to: [/*]
2022-05-14 23:03:53.809 [restartedMain] INFO  com.zaxxer.hikari.HikariDataSource - HikariPool-1 - Starting...
2022-05-14 23:03:54.206 [restartedMain] INFO  com.zaxxer.hikari.HikariDataSource - HikariPool-1 - Start completed.
2022-05-14 23:03:54.959 [restartedMain] INFO  o.s.web.servlet.handler.SimpleUrlHandlerMapping - Mapped URL path [/**/favicon.ico] onto handler of type [class org.springframework.web.servlet.resource.ResourceHttpRequestHandler]
2022-05-14 23:03:55.229 [restartedMain] INFO  o.s.w.s.m.m.a.RequestMappingHandlerAdapter - Looking for @ControllerAdvice: org.springframework.boot.web.servlet.context.AnnotationConfigServletWebServerApplicationContext@6666e794: startup date [Sat May 14 23:03:50 CST 2022]; root of context hierarchy
2022-05-14 23:03:55.313 [restartedMain] INFO  o.s.w.s.m.m.a.RequestMappingHandlerMapping - Mapped "{[/admin/index],methods=[GET]}" onto public java.lang.String com.spb.houqin.admin.controller.IndexController.index()
2022-05-14 23:03:55.314 [restartedMain] INFO  o.s.w.s.m.m.a.RequestMappingHandlerMapping - Mapped "{[/admin/test],methods=[GET]}" onto public java.lang.String com.spb.houqin.admin.controller.IndexController.test()
2022-05-14 23:03:55.315 [restartedMain] INFO  o.s.w.s.m.m.a.RequestMappingHandlerMapping - Mapped "{[/admin/login],methods=[GET]}" onto public java.lang.String com.spb.houqin.admin.controller.IndexController.login()
2022-05-14 23:03:55.315 [restartedMain] INFO  o.s.w.s.m.m.a.RequestMappingHandlerMapping - Mapped "{[/admin/welcome],methods=[GET]}" onto public java.lang.String com.spb.houqin.admin.controller.IndexController.welcome()
2022-05-14 23:03:55.319 [restartedMain] INFO  o.s.w.s.m.m.a.RequestMappingHandlerMapping - Mapped "{[/admin/login],methods=[POST]}" onto public com.spb.houqin.common.base.ResponseEntity com.spb.houqin.admin.controller.LoginController.login(com.spb.houqin.admin.entity.User,javax.servlet.http.HttpSession) throws java.net.UnknownHostException
2022-05-14 23:03:55.319 [restartedMain] INFO  o.s.w.s.m.m.a.RequestMappingHandlerMapping - Mapped "{[/admin/exit],methods=[GET]}" onto public java.lang.String com.spb.houqin.admin.controller.LoginController.adminExit(javax.servlet.http.HttpSession) throws java.net.UnknownHostException
2022-05-14 23:03:55.321 [restartedMain] INFO  o.s.w.s.m.m.a.RequestMappingHandlerMapping - Mapped "{[/admin/loginLog/add],methods=[GET]}" onto public java.lang.String com.spb.houqin.admin.controller.LoginLogController.add()
2022-05-14 23:03:55.321 [restartedMain] INFO  o.s.w.s.m.m.a.RequestMappingHandlerMapping - Mapped "{[/admin/loginLog/list],methods=[POST]}" onto public com.spb.houqin.common.base.PageData<com.spb.houqin.admin.entity.LoginLog> com.spb.houqin.admin.controller.LoginLogController.list(java.lang.Integer,java.lang.Integer,javax.servlet.ServletRequest)
2022-05-14 23:03:55.322 [restartedMain] INFO  o.s.w.s.m.m.a.RequestMappingHandlerMapping - Mapped "{[/admin/loginLog/list],methods=[GET]}" onto public java.lang.String com.spb.houqin.admin.controller.LoginLogController.list()
2022-05-14 23:03:55.333 [restartedMain] INFO  o.s.w.s.m.m.a.RequestMappingHandlerMapping - Mapped "{[/admin/maintain/add],methods=[POST]}" onto public com.spb.houqin.common.base.ResponseEntity com.spb.houqin.admin.controller.MaintainController.add(com.spb.houqin.admin.entity.Maintain,javax.servlet.http.HttpSession)
2022-05-14 23:03:55.333 [restartedMain] INFO  o.s.w.s.m.m.a.RequestMappingHandlerMapping - Mapped "{[/admin/maintain/add],methods=[GET]}" onto public java.lang.String com.spb.houqin.admin.controller.MaintainController.add(org.springframework.ui.ModelMap)
2022-05-14 23:03:55.333 [restartedMain] INFO  o.s.w.s.m.m.a.RequestMappingHandlerMapping - Mapped "{[/admin/maintain/list],methods=[POST]}" onto public com.spb.houqin.common.base.PageData<com.spb.houqin.admin.entity.Maintain> com.spb.houqin.admin.controller.MaintainController.list(java.lang.Integer,java.lang.Integer,javax.servlet.ServletRequest,javax.servlet.http.HttpSession)
2022-05-14 23:03:55.333 [restartedMain] INFO  o.s.w.s.m.m.a.RequestMappingHandlerMapping - Mapped "{[/admin/maintain/list],methods=[GET]}" onto public java.lang.String com.spb.houqin.admin.controller.MaintainController.list()
2022-05-14 23:03:55.334 [restartedMain] INFO  o.s.w.s.m.m.a.RequestMappingHandlerMapping - Mapped "{[/admin/maintain/uploadFile],methods=[POST]}" onto public java.util.Map com.spb.houqin.admin.controller.MaintainController.uploadPicture(org.springframework.web.multipart.MultipartFile,javax.servlet.http.HttpServletRequest) throws java.io.IOException
2022-05-14 23:03:55.334 [restartedMain] INFO  o.s.w.s.m.m.a.RequestMappingHandlerMapping - Mapped "{[/admin/maintain/weixiu],methods=[GET]}" onto public java.lang.String com.spb.houqin.admin.controller.MaintainController.weixiu(org.springframework.ui.ModelMap,java.lang.String)
2022-05-14 23:03:55.335 [restartedMain] INFO  o.s.w.s.m.m.a.RequestMappingHandlerMapping - Mapped "{[/admin/maintain/weixiu],methods=[POST]}" onto public com.spb.houqin.common.base.ResponseEntity com.spb.houqin.admin.controller.MaintainController.weixiu(com.spb.houqin.admin.entity.Maintain,javax.servlet.http.HttpSession)
2022-05-14 23:03:55.335 [restartedMain] INFO  o.s.w.s.m.m.a.RequestMappingHandlerMapping - Mapped "{[/admin/maintain/bohui],methods=[POST]}" onto public com.spb.houqin.common.base.ResponseEntity com.spb.houqin.admin.controller.MaintainController.bohui(java.lang.String,javax.servlet.http.HttpSession)
2022-05-14 23:03:55.335 [restartedMain] INFO  o.s.w.s.m.m.a.RequestMappingHandlerMapping - Mapped "{[/admin/maintain/tongguo],methods=[POST]}" onto public com.spb.houqin.common.base.ResponseEntity com.spb.houqin.admin.controller.MaintainController.tongguo(java.lang.String,javax.servlet.http.HttpSession)
2022-05-14 23:03:55.336 [restartedMain] INFO  o.s.w.s.m.m.a.RequestMappingHandlerMapping - Mapped "{[/admin/maintain/pingjia],methods=[POST]}" onto public com.spb.houqin.common.base.ResponseEntity com.spb.houqin.admin.controller.MaintainController.pingjia(com.spb.houqin.admin.entity.Maintain,javax.servlet.http.HttpSession)
2022-05-14 23:03:55.336 [restartedMain] INFO  o.s.w.s.m.m.a.RequestMappingHandlerMapping - Mapped "{[/admin/maintain/pingjia],methods=[GET]}" onto public java.lang.String com.spb.houqin.admin.controller.MaintainController.pingjia(org.springframework.ui.ModelMap,java.lang.String)
2022-05-14 23:03:55.336 [restartedMain] INFO  o.s.w.s.m.m.a.RequestMappingHandlerMapping - Mapped "{[/admin/maintain/edit],methods=[POST]}" onto public com.spb.houqin.common.base.ResponseEntity com.spb.houqin.admin.controller.MaintainController.edit(com.spb.houqin.admin.entity.Maintain,javax.servlet.http.HttpSession)
2022-05-14 23:03:55.337 [restartedMain] INFO  o.s.w.s.m.m.a.RequestMappingHandlerMapping - Mapped "{[/admin/maintain/edit],methods=[GET]}" onto public java.lang.String com.spb.houqin.admin.controller.MaintainController.edit(java.lang.String,org.springframework.ui.ModelMap)
2022-05-14 23:03:55.337 [restartedMain] INFO  o.s.w.s.m.m.a.RequestMappingHandlerMapping - Mapped "{[/admin/maintain/delete],methods=[POST]}" onto public com.spb.houqin.common.base.ResponseEntity com.spb.houqin.admin.controller.MaintainController.del(java.lang.String,javax.servlet.http.HttpSession)
2022-05-14 23:03:55.337 [restartedMain] INFO  o.s.w.s.m.m.a.RequestMappingHandlerMapping - Mapped "{[/admin/maintain/statics],methods=[GET]}" onto public java.lang.String com.spb.houqin.admin.controller.MaintainController.toStatics()
2022-05-14 23:03:55.338 [restartedMain] INFO  o.s.w.s.m.m.a.RequestMappingHandlerMapping - Mapped "{[/admin/maintain/statics2],methods=[GET]}" onto public java.lang.String com.spb.houqin.admin.controller.MaintainController.toStatics2()
2022-05-14 23:03:55.338 [restartedMain] INFO  o.s.w.s.m.m.a.RequestMappingHandlerMapping - Mapped "{[/admin/maintain/statics3],methods=[GET]}" onto public java.lang.String com.spb.houqin.admin.controller.MaintainController.toStatics3()
2022-05-14 23:03:55.338 [restartedMain] INFO  o.s.w.s.m.m.a.RequestMappingHandlerMapping - Mapped "{[/admin/maintain/getStatics],methods=[GET]}" onto public com.spb.houqin.common.base.AjaxResult com.spb.houqin.admin.controller.MaintainController.getStatics(java.lang.String)
2022-05-14 23:03:55.338 [restartedMain] INFO  o.s.w.s.m.m.a.RequestMappingHandlerMapping - Mapped "{[/admin/maintain/getStatics1],methods=[GET]}" onto public com.spb.houqin.common.base.AjaxResult com.spb.houqin.admin.controller.MaintainController.getStatics1(javax.servlet.http.HttpSession)
2022-05-14 23:03:55.339 [restartedMain] INFO  o.s.w.s.m.m.a.RequestMappingHandlerMapping - Mapped "{[/admin/maintain/getStatics2],methods=[GET]}" onto public com.spb.houqin.common.base.AjaxResult com.spb.houqin.admin.controller.MaintainController.getStatics2(javax.servlet.http.HttpSession)
2022-05-14 23:03:55.339 [restartedMain] INFO  o.s.w.s.m.m.a.RequestMappingHandlerMapping - Mapped "{[/admin/maintain/getStatics3],methods=[GET]}" onto public com.spb.houqin.common.base.AjaxResult com.spb.houqin.admin.controller.MaintainController.getStatics3(javax.servlet.http.HttpSession)
2022-05-14 23:03:55.339 [restartedMain] INFO  o.s.w.s.m.m.a.RequestMappingHandlerMapping - Mapped "{[/admin/maintain/getStatics4],methods=[GET]}" onto public com.spb.houqin.common.base.AjaxResult com.spb.houqin.admin.controller.MaintainController.getStatics4(javax.servlet.http.HttpSession)
2022-05-14 23:03:55.340 [restartedMain] INFO  o.s.w.s.m.m.a.RequestMappingHandlerMapping - Mapped "{[/admin/maintain/getStatics5],methods=[GET]}" onto public com.spb.houqin.common.base.AjaxResult com.spb.houqin.admin.controller.MaintainController.getStatics5(javax.servlet.http.HttpSession)
2022-05-14 23:03:55.340 [restartedMain] INFO  o.s.w.s.m.m.a.RequestMappingHandlerMapping - Mapped "{[/admin/maintain/getStatics6],methods=[GET]}" onto public com.spb.houqin.common.base.AjaxResult com.spb.houqin.admin.controller.MaintainController.getStatics6()
2022-05-14 23:03:55.341 [restartedMain] INFO  o.s.w.s.m.m.a.RequestMappingHandlerMapping - Mapped "{[/admin/maintain/getStatics7],methods=[GET]}" onto public com.spb.houqin.common.base.AjaxResult com.spb.houqin.admin.controller.MaintainController.getStatics7()
2022-05-14 23:03:55.342 [restartedMain] INFO  o.s.w.s.m.m.a.RequestMappingHandlerMapping - Mapped "{[/admin/operationLog/list],methods=[GET]}" onto public java.lang.String com.spb.houqin.admin.controller.OperationLogController.list()
2022-05-14 23:03:55.342 [restartedMain] INFO  o.s.w.s.m.m.a.RequestMappingHandlerMapping - Mapped "{[/admin/operationLog/list],methods=[POST]}" onto public com.spb.houqin.common.base.PageData<com.spb.houqin.admin.entity.OperationLog> com.spb.houqin.admin.controller.OperationLogController.list(java.lang.Integer,java.lang.Integer,javax.servlet.ServletRequest)
2022-05-14 23:03:55.345 [restartedMain] INFO  o.s.w.s.m.m.a.RequestMappingHandlerMapping - Mapped "{[/admin/tool/add],methods=[POST]}" onto public com.spb.houqin.common.base.ResponseEntity com.spb.houqin.admin.controller.ToolController.add(com.spb.houqin.admin.entity.Tool,javax.servlet.http.HttpSession)
2022-05-14 23:03:55.345 [restartedMain] INFO  o.s.w.s.m.m.a.RequestMappingHandlerMapping - Mapped "{[/admin/tool/add],methods=[GET]}" onto public java.lang.String com.spb.houqin.admin.controller.ToolController.add()
2022-05-14 23:03:55.345 [restartedMain] INFO  o.s.w.s.m.m.a.RequestMappingHandlerMapping - Mapped "{[/admin/tool/list],methods=[POST]}" onto public com.spb.houqin.common.base.PageData<com.spb.houqin.admin.entity.Tool> com.spb.houqin.admin.controller.ToolController.list(java.lang.Integer,java.lang.Integer,javax.servlet.ServletRequest)
2022-05-14 23:03:55.346 [restartedMain] INFO  o.s.w.s.m.m.a.RequestMappingHandlerMapping - Mapped "{[/admin/tool/list],methods=[GET]}" onto public java.lang.String com.spb.houqin.admin.controller.ToolController.list()
2022-05-14 23:03:55.346 [restartedMain] INFO  o.s.w.s.m.m.a.RequestMappingHandlerMapping - Mapped "{[/admin/tool/uploadFile],methods=[POST]}" onto public java.util.Map com.spb.houqin.admin.controller.ToolController.uploadPicture(org.springframework.web.multipart.MultipartFile,javax.servlet.http.HttpServletRequest) throws java.io.IOException
2022-05-14 23:03:55.346 [restartedMain] INFO  o.s.w.s.m.m.a.RequestMappingHandlerMapping - Mapped "{[/admin/tool/edit],methods=[POST]}" onto public com.spb.houqin.common.base.ResponseEntity com.spb.houqin.admin.controller.ToolController.edit(com.spb.houqin.admin.entity.Tool,javax.servlet.http.HttpSession)
2022-05-14 23:03:55.346 [restartedMain] INFO  o.s.w.s.m.m.a.RequestMappingHandlerMapping - Mapped "{[/admin/tool/edit],methods=[GET]}" onto public java.lang.String com.spb.houqin.admin.controller.ToolController.edit(java.lang.String,org.springframework.ui.ModelMap)
2022-05-14 23:03:55.347 [restartedMain] INFO  o.s.w.s.m.m.a.RequestMappingHandlerMapping - Mapped "{[/admin/tool/delete],methods=[POST]}" onto public com.spb.houqin.common.base.ResponseEntity com.spb.houqin.admin.controller.ToolController.del(java.lang.String,javax.servlet.http.HttpSession)
2022-05-14 23:03:55.353 [restartedMain] INFO  o.s.w.s.m.m.a.RequestMappingHandlerMapping - Mapped "{[/admin/user/add],methods=[GET]}" onto public java.lang.String com.spb.houqin.admin.controller.UserController.add()
2022-05-14 23:03:55.353 [restartedMain] INFO  o.s.w.s.m.m.a.RequestMappingHandlerMapping - Mapped "{[/admin/user/add],methods=[POST]}" onto public com.spb.houqin.common.base.ResponseEntity com.spb.houqin.admin.controller.UserController.add(com.spb.houqin.admin.entity.User,javax.servlet.http.HttpSession)
2022-05-14 23:03:55.354 [restartedMain] INFO  o.s.w.s.m.m.a.RequestMappingHandlerMapping - Mapped "{[/admin/user/lock],methods=[POST]}" onto public com.spb.houqin.common.base.ResponseEntity com.spb.houqin.admin.controller.UserController.lock(java.lang.String,javax.servlet.http.HttpSession)
2022-05-14 23:03:55.354 [restartedMain] INFO  o.s.w.s.m.m.a.RequestMappingHandlerMapping - Mapped "{[/admin/user/update],methods=[POST]}" onto public com.spb.houqin.common.base.ResponseEntity com.spb.houqin.admin.controller.UserController.update(com.spb.houqin.admin.entity.User,javax.servlet.http.HttpSession)
2022-05-14 23:03:55.354 [restartedMain] INFO  o.s.w.s.m.m.a.RequestMappingHandlerMapping - Mapped "{[/admin/user/updatePassword],methods=[POST]}" onto public com.spb.houqin.common.base.ResponseEntity com.spb.houqin.admin.controller.UserController.update(com.spb.houqin.admin.entity.Password,javax.servlet.http.HttpSession)
2022-05-14 23:03:55.355 [restartedMain] INFO  o.s.w.s.m.m.a.RequestMappingHandlerMapping - Mapped "{[/admin/user/list],methods=[GET]}" onto public java.lang.String com.spb.houqin.admin.controller.UserController.list()
2022-05-14 23:03:55.355 [restartedMain] INFO  o.s.w.s.m.m.a.RequestMappingHandlerMapping - Mapped "{[/admin/user/list],methods=[POST]}" onto public com.spb.houqin.common.base.PageData<com.spb.houqin.admin.entity.User> com.spb.houqin.admin.controller.UserController.list(java.lang.Integer,java.lang.Integer,javax.servlet.ServletRequest)
2022-05-14 23:03:55.355 [restartedMain] INFO  o.s.w.s.m.m.a.RequestMappingHandlerMapping - Mapped "{[/admin/user/self],methods=[GET]}" onto public java.lang.String com.spb.houqin.admin.controller.UserController.self(javax.servlet.http.HttpSession,org.springframework.ui.ModelMap)
2022-05-14 23:03:55.356 [restartedMain] INFO  o.s.w.s.m.m.a.RequestMappingHandlerMapping - Mapped "{[/admin/user/edit],methods=[POST]}" onto public com.spb.houqin.common.base.ResponseEntity com.spb.houqin.admin.controller.UserController.edit(com.spb.houqin.admin.entity.User,javax.servlet.http.HttpSession)
2022-05-14 23:03:55.356 [restartedMain] INFO  o.s.w.s.m.m.a.RequestMappingHandlerMapping - Mapped "{[/admin/user/edit],methods=[GET]}" onto public java.lang.String com.spb.houqin.admin.controller.UserController.edit(java.lang.String,org.springframework.ui.ModelMap)
2022-05-14 23:03:55.356 [restartedMain] INFO  o.s.w.s.m.m.a.RequestMappingHandlerMapping - Mapped "{[/admin/user/delete],methods=[POST]}" onto public com.spb.houqin.common.base.ResponseEntity com.spb.houqin.admin.controller.UserController.delelte(java.lang.String,javax.servlet.http.HttpSession)
2022-05-14 23:03:55.357 [restartedMain] INFO  o.s.w.s.m.m.a.RequestMappingHandlerMapping - Mapped "{[/admin/user/lockAll]}" onto public com.spb.houqin.common.base.ResponseEntity com.spb.houqin.admin.controller.UserController.lockAll()
2022-05-14 23:03:55.357 [restartedMain] INFO  o.s.w.s.m.m.a.RequestMappingHandlerMapping - Mapped "{[/kaptcha]}" onto public void com.cuisongliu.kaptcha.autoconfigure.controller.KaptchaController.index(javax.servlet.http.HttpServletRequest,javax.servlet.http.HttpServletResponse)
2022-05-14 23:03:55.360 [restartedMain] INFO  o.s.w.s.m.m.a.RequestMappingHandlerMapping - Mapped "{[/error]}" onto public org.springframework.http.ResponseEntity<java.util.Map<java.lang.String, java.lang.Object>> org.springframework.boot.autoconfigure.web.servlet.error.BasicErrorController.error(javax.servlet.http.HttpServletRequest)
2022-05-14 23:03:55.361 [restartedMain] INFO  o.s.w.s.m.m.a.RequestMappingHandlerMapping - Mapped "{[/error],produces=[text/html]}" onto public org.springframework.web.servlet.ModelAndView org.springframework.boot.autoconfigure.web.servlet.error.BasicErrorController.errorHtml(javax.servlet.http.HttpServletRequest,javax.servlet.http.HttpServletResponse)
2022-05-14 23:03:55.402 [restartedMain] INFO  o.s.web.servlet.handler.SimpleUrlHandlerMapping - Mapped URL path [/webjars/**] onto handler of type [class org.springframework.web.servlet.resource.ResourceHttpRequestHandler]
2022-05-14 23:03:55.402 [restartedMain] INFO  o.s.web.servlet.handler.SimpleUrlHandlerMapping - Mapped URL path [/static/**] onto handler of type [class org.springframework.web.servlet.resource.ResourceHttpRequestHandler]
2022-05-14 23:03:55.402 [restartedMain] INFO  o.s.web.servlet.handler.SimpleUrlHandlerMapping - Mapped URL path [/image/**] onto handler of type [class org.springframework.web.servlet.resource.ResourceHttpRequestHandler]
2022-05-14 23:03:55.782 [restartedMain] INFO  o.s.w.servlet.view.freemarker.FreeMarkerConfigurer - ClassTemplateLoader for Spring macros added to FreeMarker configuration
2022-05-14 23:03:56.487 [restartedMain] INFO  o.s.b.d.autoconfigure.OptionalLiveReloadServer - LiveReload server is running on port 35729
2022-05-14 23:03:56.531 [restartedMain] INFO  o.s.jmx.export.annotation.AnnotationMBeanExporter - Registering beans for JMX exposure on startup
2022-05-14 23:03:56.533 [restartedMain] INFO  o.s.jmx.export.annotation.AnnotationMBeanExporter - Bean with name 'dataSource' has been autodetected for JMX exposure
2022-05-14 23:03:56.540 [restartedMain] INFO  o.s.jmx.export.annotation.AnnotationMBeanExporter - Located MBean 'dataSource': registering with JMX server as MBean [com.zaxxer.hikari:name=dataSource,type=HikariDataSource]
2022-05-14 23:03:56.553 [restartedMain] INFO  org.apache.coyote.http11.Http11NioProtocol - Starting ProtocolHandler ["http-nio-8088"]
2022-05-14 23:03:56.568 [restartedMain] INFO  org.apache.tomcat.util.net.NioSelectorPool - Using a shared selector for servlet write/read
2022-05-14 23:03:56.592 [restartedMain] INFO  org.mortbay.log - Logging to Logger[org.mortbay.log] via org.mortbay.log.Slf4jLog
2022-05-14 23:03:56.609 [restartedMain] INFO  o.s.boot.web.embedded.tomcat.TomcatWebServer - Tomcat started on port(s): 8088 (http) with context path ''
2022-05-14 23:03:56.615 [restartedMain] INFO  com.spb.houqin.HouQinApplication - Started HouQinApplication in 6.435 seconds (JVM running for 9.29)
2022-05-14 23:04:27.788 [http-nio-8088-exec-1] INFO  org.apache.tomcat.util.http.parser.Cookie - A cookie header was received [1652451243,1652493754,1652524452; JSESSIONID=C7B182D73814BC80F7423941F32F6DA6; Hm_lpvt_b393d153aeb26b46e9431fabaf0f6190=1652527568] that contained an invalid cookie. That cookie will be ignored.Note: further occurrences of this error will be logged at DEBUG level.
2022-05-14 23:04:27.798 [http-nio-8088-exec-1] INFO  o.a.c.core.ContainerBase.[Tomcat].[localhost].[/] - Initializing Spring FrameworkServlet 'dispatcherServlet'
2022-05-14 23:04:27.798 [http-nio-8088-exec-1] INFO  org.springframework.web.servlet.DispatcherServlet - FrameworkServlet 'dispatcherServlet': initialization started
2022-05-14 23:04:27.826 [http-nio-8088-exec-1] INFO  org.springframework.web.servlet.DispatcherServlet - FrameworkServlet 'dispatcherServlet': initialization completed in 28 ms
