2022-05-15 01:31:49.626 [restartedMain] WARN  org.mybatis.spring.mapper.ClassPathMapperScanner - Skipping MapperFactoryBean with name 'loginLogMapper' and 'com.spb.houqin.admin.mapper.LoginLogMapper' mapperInterface. Bean already defined with the same name!
2022-05-15 01:31:49.630 [restartedMain] WARN  org.mybatis.spring.mapper.ClassPathMapperScanner - Skipping MapperFactoryBean with name 'maintainMapper' and 'com.spb.houqin.admin.mapper.MaintainMapper' mapperInterface. Bean already defined with the same name!
2022-05-15 01:31:49.631 [restartedMain] WARN  org.mybatis.spring.mapper.ClassPathMapperScanner - Skipping MapperFactoryBean with name 'operationLogMapper' and 'com.spb.houqin.admin.mapper.OperationLogMapper' mapperInterface. Bean already defined with the same name!
2022-05-15 01:31:49.631 [restartedMain] WARN  org.mybatis.spring.mapper.ClassPathMapperScanner - Skipping MapperFactoryBean with name 'statisticsMapper' and 'com.spb.houqin.admin.mapper.StatisticsMapper' mapperInterface. Bean already defined with the same name!
2022-05-15 01:31:49.631 [restartedMain] WARN  org.mybatis.spring.mapper.ClassPathMapperScanner - Skipping MapperFactoryBean with name 'toolMapper' and 'com.spb.houqin.admin.mapper.ToolMapper' mapperInterface. Bean already defined with the same name!
2022-05-15 01:31:49.631 [restartedMain] WARN  org.mybatis.spring.mapper.ClassPathMapperScanner - Skipping MapperFactoryBean with name 'userMapper' and 'com.spb.houqin.admin.mapper.UserMapper' mapperInterface. Bean already defined with the same name!
2022-05-15 01:31:49.631 [restartedMain] WARN  org.mybatis.spring.mapper.ClassPathMapperScanner - No MyBatis mapper was found in '[com.spb.houqin.admin.mapper]' package. Please check your configuration.
2022-05-15 01:45:51.698 [restartedMain] WARN  org.mybatis.spring.mapper.ClassPathMapperScanner - Skipping MapperFactoryBean with name 'loginLogMapper' and 'com.spb.houqin.admin.mapper.LoginLogMapper' mapperInterface. Bean already defined with the same name!
2022-05-15 01:45:51.699 [restartedMain] WARN  org.mybatis.spring.mapper.ClassPathMapperScanner - Skipping MapperFactoryBean with name 'maintainMapper' and 'com.spb.houqin.admin.mapper.MaintainMapper' mapperInterface. Bean already defined with the same name!
2022-05-15 01:45:51.699 [restartedMain] WARN  org.mybatis.spring.mapper.ClassPathMapperScanner - Skipping MapperFactoryBean with name 'operationLogMapper' and 'com.spb.houqin.admin.mapper.OperationLogMapper' mapperInterface. Bean already defined with the same name!
2022-05-15 01:45:51.699 [restartedMain] WARN  org.mybatis.spring.mapper.ClassPathMapperScanner - Skipping MapperFactoryBean with name 'statisticsMapper' and 'com.spb.houqin.admin.mapper.StatisticsMapper' mapperInterface. Bean already defined with the same name!
2022-05-15 01:45:51.700 [restartedMain] WARN  org.mybatis.spring.mapper.ClassPathMapperScanner - Skipping MapperFactoryBean with name 'toolMapper' and 'com.spb.houqin.admin.mapper.ToolMapper' mapperInterface. Bean already defined with the same name!
2022-05-15 01:45:51.700 [restartedMain] WARN  org.mybatis.spring.mapper.ClassPathMapperScanner - Skipping MapperFactoryBean with name 'userMapper' and 'com.spb.houqin.admin.mapper.UserMapper' mapperInterface. Bean already defined with the same name!
2022-05-15 01:45:51.700 [restartedMain] WARN  org.mybatis.spring.mapper.ClassPathMapperScanner - No MyBatis mapper was found in '[com.spb.houqin.admin.mapper]' package. Please check your configuration.
2022-05-15 01:47:01.305 [restartedMain] WARN  org.mybatis.spring.mapper.ClassPathMapperScanner - Skipping MapperFactoryBean with name 'loginLogMapper' and 'com.spb.houqin.admin.mapper.LoginLogMapper' mapperInterface. Bean already defined with the same name!
2022-05-15 01:47:01.306 [restartedMain] WARN  org.mybatis.spring.mapper.ClassPathMapperScanner - Skipping MapperFactoryBean with name 'maintainMapper' and 'com.spb.houqin.admin.mapper.MaintainMapper' mapperInterface. Bean already defined with the same name!
2022-05-15 01:47:01.306 [restartedMain] WARN  org.mybatis.spring.mapper.ClassPathMapperScanner - Skipping MapperFactoryBean with name 'operationLogMapper' and 'com.spb.houqin.admin.mapper.OperationLogMapper' mapperInterface. Bean already defined with the same name!
2022-05-15 01:47:01.306 [restartedMain] WARN  org.mybatis.spring.mapper.ClassPathMapperScanner - Skipping MapperFactoryBean with name 'statisticsMapper' and 'com.spb.houqin.admin.mapper.StatisticsMapper' mapperInterface. Bean already defined with the same name!
2022-05-15 01:47:01.306 [restartedMain] WARN  org.mybatis.spring.mapper.ClassPathMapperScanner - Skipping MapperFactoryBean with name 'toolMapper' and 'com.spb.houqin.admin.mapper.ToolMapper' mapperInterface. Bean already defined with the same name!
2022-05-15 01:47:01.306 [restartedMain] WARN  org.mybatis.spring.mapper.ClassPathMapperScanner - Skipping MapperFactoryBean with name 'userMapper' and 'com.spb.houqin.admin.mapper.UserMapper' mapperInterface. Bean already defined with the same name!
2022-05-15 01:47:01.307 [restartedMain] WARN  org.mybatis.spring.mapper.ClassPathMapperScanner - No MyBatis mapper was found in '[com.spb.houqin.admin.mapper]' package. Please check your configuration.
2022-05-15 01:53:01.097 [restartedMain] WARN  org.mybatis.spring.mapper.ClassPathMapperScanner - Skipping MapperFactoryBean with name 'loginLogMapper' and 'com.spb.houqin.admin.mapper.LoginLogMapper' mapperInterface. Bean already defined with the same name!
2022-05-15 01:53:01.098 [restartedMain] WARN  org.mybatis.spring.mapper.ClassPathMapperScanner - Skipping MapperFactoryBean with name 'maintainMapper' and 'com.spb.houqin.admin.mapper.MaintainMapper' mapperInterface. Bean already defined with the same name!
2022-05-15 01:53:01.098 [restartedMain] WARN  org.mybatis.spring.mapper.ClassPathMapperScanner - Skipping MapperFactoryBean with name 'operationLogMapper' and 'com.spb.houqin.admin.mapper.OperationLogMapper' mapperInterface. Bean already defined with the same name!
2022-05-15 01:53:01.098 [restartedMain] WARN  org.mybatis.spring.mapper.ClassPathMapperScanner - Skipping MapperFactoryBean with name 'statisticsMapper' and 'com.spb.houqin.admin.mapper.StatisticsMapper' mapperInterface. Bean already defined with the same name!
2022-05-15 01:53:01.099 [restartedMain] WARN  org.mybatis.spring.mapper.ClassPathMapperScanner - Skipping MapperFactoryBean with name 'toolMapper' and 'com.spb.houqin.admin.mapper.ToolMapper' mapperInterface. Bean already defined with the same name!
2022-05-15 01:53:01.099 [restartedMain] WARN  org.mybatis.spring.mapper.ClassPathMapperScanner - Skipping MapperFactoryBean with name 'userMapper' and 'com.spb.houqin.admin.mapper.UserMapper' mapperInterface. Bean already defined with the same name!
2022-05-15 01:53:01.099 [restartedMain] WARN  org.mybatis.spring.mapper.ClassPathMapperScanner - No MyBatis mapper was found in '[com.spb.houqin.admin.mapper]' package. Please check your configuration.
2022-05-15 01:54:11.554 [restartedMain] WARN  org.mybatis.spring.mapper.ClassPathMapperScanner - Skipping MapperFactoryBean with name 'loginLogMapper' and 'com.spb.houqin.admin.mapper.LoginLogMapper' mapperInterface. Bean already defined with the same name!
2022-05-15 01:54:11.555 [restartedMain] WARN  org.mybatis.spring.mapper.ClassPathMapperScanner - Skipping MapperFactoryBean with name 'maintainMapper' and 'com.spb.houqin.admin.mapper.MaintainMapper' mapperInterface. Bean already defined with the same name!
2022-05-15 01:54:11.555 [restartedMain] WARN  org.mybatis.spring.mapper.ClassPathMapperScanner - Skipping MapperFactoryBean with name 'operationLogMapper' and 'com.spb.houqin.admin.mapper.OperationLogMapper' mapperInterface. Bean already defined with the same name!
2022-05-15 01:54:11.555 [restartedMain] WARN  org.mybatis.spring.mapper.ClassPathMapperScanner - Skipping MapperFactoryBean with name 'statisticsMapper' and 'com.spb.houqin.admin.mapper.StatisticsMapper' mapperInterface. Bean already defined with the same name!
2022-05-15 01:54:11.555 [restartedMain] WARN  org.mybatis.spring.mapper.ClassPathMapperScanner - Skipping MapperFactoryBean with name 'toolMapper' and 'com.spb.houqin.admin.mapper.ToolMapper' mapperInterface. Bean already defined with the same name!
2022-05-15 01:54:11.556 [restartedMain] WARN  org.mybatis.spring.mapper.ClassPathMapperScanner - Skipping MapperFactoryBean with name 'userMapper' and 'com.spb.houqin.admin.mapper.UserMapper' mapperInterface. Bean already defined with the same name!
2022-05-15 01:54:11.556 [restartedMain] WARN  org.mybatis.spring.mapper.ClassPathMapperScanner - No MyBatis mapper was found in '[com.spb.houqin.admin.mapper]' package. Please check your configuration.
2022-05-15 01:54:34.643 [http-nio-8088-exec-3] WARN  org.springframework.web.servlet.PageNotFound - No mapping found for HTTP request with URI [/admin/maintain/%7B%7Bd.img%7D%7D] in DispatcherServlet with name 'dispatcherServlet'
2022-05-15 01:57:32.255 [http-nio-8088-exec-10] WARN  org.springframework.web.servlet.PageNotFound - No mapping found for HTTP request with URI [/admin/text] in DispatcherServlet with name 'dispatcherServlet'
2022-05-15 01:57:37.437 [http-nio-8088-exec-7] WARN  org.springframework.web.servlet.PageNotFound - No mapping found for HTTP request with URI [/admin/] in DispatcherServlet with name 'dispatcherServlet'
2022-05-15 02:03:09.281 [restartedMain] WARN  org.mybatis.spring.mapper.ClassPathMapperScanner - Skipping MapperFactoryBean with name 'loginLogMapper' and 'com.spb.houqin.admin.mapper.LoginLogMapper' mapperInterface. Bean already defined with the same name!
2022-05-15 02:03:09.282 [restartedMain] WARN  org.mybatis.spring.mapper.ClassPathMapperScanner - Skipping MapperFactoryBean with name 'maintainMapper' and 'com.spb.houqin.admin.mapper.MaintainMapper' mapperInterface. Bean already defined with the same name!
2022-05-15 02:03:09.282 [restartedMain] WARN  org.mybatis.spring.mapper.ClassPathMapperScanner - Skipping MapperFactoryBean with name 'operationLogMapper' and 'com.spb.houqin.admin.mapper.OperationLogMapper' mapperInterface. Bean already defined with the same name!
2022-05-15 02:03:09.282 [restartedMain] WARN  org.mybatis.spring.mapper.ClassPathMapperScanner - Skipping MapperFactoryBean with name 'statisticsMapper' and 'com.spb.houqin.admin.mapper.StatisticsMapper' mapperInterface. Bean already defined with the same name!
2022-05-15 02:03:09.283 [restartedMain] WARN  org.mybatis.spring.mapper.ClassPathMapperScanner - Skipping MapperFactoryBean with name 'toolMapper' and 'com.spb.houqin.admin.mapper.ToolMapper' mapperInterface. Bean already defined with the same name!
2022-05-15 02:03:09.283 [restartedMain] WARN  org.mybatis.spring.mapper.ClassPathMapperScanner - Skipping MapperFactoryBean with name 'userMapper' and 'com.spb.houqin.admin.mapper.UserMapper' mapperInterface. Bean already defined with the same name!
2022-05-15 02:03:09.283 [restartedMain] WARN  org.mybatis.spring.mapper.ClassPathMapperScanner - No MyBatis mapper was found in '[com.spb.houqin.admin.mapper]' package. Please check your configuration.
2022-05-15 02:05:20.537 [restartedMain] WARN  org.mybatis.spring.mapper.ClassPathMapperScanner - Skipping MapperFactoryBean with name 'loginLogMapper' and 'com.spb.houqin.admin.mapper.LoginLogMapper' mapperInterface. Bean already defined with the same name!
2022-05-15 02:05:20.538 [restartedMain] WARN  org.mybatis.spring.mapper.ClassPathMapperScanner - Skipping MapperFactoryBean with name 'maintainMapper' and 'com.spb.houqin.admin.mapper.MaintainMapper' mapperInterface. Bean already defined with the same name!
2022-05-15 02:05:20.538 [restartedMain] WARN  org.mybatis.spring.mapper.ClassPathMapperScanner - Skipping MapperFactoryBean with name 'operationLogMapper' and 'com.spb.houqin.admin.mapper.OperationLogMapper' mapperInterface. Bean already defined with the same name!
2022-05-15 02:05:20.538 [restartedMain] WARN  org.mybatis.spring.mapper.ClassPathMapperScanner - Skipping MapperFactoryBean with name 'statisticsMapper' and 'com.spb.houqin.admin.mapper.StatisticsMapper' mapperInterface. Bean already defined with the same name!
2022-05-15 02:05:20.539 [restartedMain] WARN  org.mybatis.spring.mapper.ClassPathMapperScanner - Skipping MapperFactoryBean with name 'toolMapper' and 'com.spb.houqin.admin.mapper.ToolMapper' mapperInterface. Bean already defined with the same name!
2022-05-15 02:05:20.539 [restartedMain] WARN  org.mybatis.spring.mapper.ClassPathMapperScanner - Skipping MapperFactoryBean with name 'userMapper' and 'com.spb.houqin.admin.mapper.UserMapper' mapperInterface. Bean already defined with the same name!
2022-05-15 02:05:20.539 [restartedMain] WARN  org.mybatis.spring.mapper.ClassPathMapperScanner - No MyBatis mapper was found in '[com.spb.houqin.admin.mapper]' package. Please check your configuration.
2022-05-15 02:07:00.874 [restartedMain] WARN  org.mybatis.spring.mapper.ClassPathMapperScanner - Skipping MapperFactoryBean with name 'loginLogMapper' and 'com.spb.houqin.admin.mapper.LoginLogMapper' mapperInterface. Bean already defined with the same name!
2022-05-15 02:07:00.874 [restartedMain] WARN  org.mybatis.spring.mapper.ClassPathMapperScanner - Skipping MapperFactoryBean with name 'maintainMapper' and 'com.spb.houqin.admin.mapper.MaintainMapper' mapperInterface. Bean already defined with the same name!
2022-05-15 02:07:00.874 [restartedMain] WARN  org.mybatis.spring.mapper.ClassPathMapperScanner - Skipping MapperFactoryBean with name 'operationLogMapper' and 'com.spb.houqin.admin.mapper.OperationLogMapper' mapperInterface. Bean already defined with the same name!
2022-05-15 02:07:00.874 [restartedMain] WARN  org.mybatis.spring.mapper.ClassPathMapperScanner - Skipping MapperFactoryBean with name 'statisticsMapper' and 'com.spb.houqin.admin.mapper.StatisticsMapper' mapperInterface. Bean already defined with the same name!
2022-05-15 02:07:00.875 [restartedMain] WARN  org.mybatis.spring.mapper.ClassPathMapperScanner - Skipping MapperFactoryBean with name 'toolMapper' and 'com.spb.houqin.admin.mapper.ToolMapper' mapperInterface. Bean already defined with the same name!
2022-05-15 02:07:00.875 [restartedMain] WARN  org.mybatis.spring.mapper.ClassPathMapperScanner - Skipping MapperFactoryBean with name 'userMapper' and 'com.spb.houqin.admin.mapper.UserMapper' mapperInterface. Bean already defined with the same name!
2022-05-15 02:07:00.875 [restartedMain] WARN  org.mybatis.spring.mapper.ClassPathMapperScanner - No MyBatis mapper was found in '[com.spb.houqin.admin.mapper]' package. Please check your configuration.
2022-05-15 02:07:27.041 [restartedMain] WARN  org.mybatis.spring.mapper.ClassPathMapperScanner - Skipping MapperFactoryBean with name 'loginLogMapper' and 'com.spb.houqin.admin.mapper.LoginLogMapper' mapperInterface. Bean already defined with the same name!
2022-05-15 02:07:27.041 [restartedMain] WARN  org.mybatis.spring.mapper.ClassPathMapperScanner - Skipping MapperFactoryBean with name 'maintainMapper' and 'com.spb.houqin.admin.mapper.MaintainMapper' mapperInterface. Bean already defined with the same name!
2022-05-15 02:07:27.041 [restartedMain] WARN  org.mybatis.spring.mapper.ClassPathMapperScanner - Skipping MapperFactoryBean with name 'operationLogMapper' and 'com.spb.houqin.admin.mapper.OperationLogMapper' mapperInterface. Bean already defined with the same name!
2022-05-15 02:07:27.041 [restartedMain] WARN  org.mybatis.spring.mapper.ClassPathMapperScanner - Skipping MapperFactoryBean with name 'statisticsMapper' and 'com.spb.houqin.admin.mapper.StatisticsMapper' mapperInterface. Bean already defined with the same name!
2022-05-15 02:07:27.041 [restartedMain] WARN  org.mybatis.spring.mapper.ClassPathMapperScanner - Skipping MapperFactoryBean with name 'toolMapper' and 'com.spb.houqin.admin.mapper.ToolMapper' mapperInterface. Bean already defined with the same name!
2022-05-15 02:07:27.041 [restartedMain] WARN  org.mybatis.spring.mapper.ClassPathMapperScanner - Skipping MapperFactoryBean with name 'userMapper' and 'com.spb.houqin.admin.mapper.UserMapper' mapperInterface. Bean already defined with the same name!
2022-05-15 02:07:27.041 [restartedMain] WARN  org.mybatis.spring.mapper.ClassPathMapperScanner - No MyBatis mapper was found in '[com.spb.houqin.admin.mapper]' package. Please check your configuration.
2022-05-15 02:07:53.221 [restartedMain] WARN  org.mybatis.spring.mapper.ClassPathMapperScanner - Skipping MapperFactoryBean with name 'loginLogMapper' and 'com.spb.houqin.admin.mapper.LoginLogMapper' mapperInterface. Bean already defined with the same name!
2022-05-15 02:07:53.222 [restartedMain] WARN  org.mybatis.spring.mapper.ClassPathMapperScanner - Skipping MapperFactoryBean with name 'maintainMapper' and 'com.spb.houqin.admin.mapper.MaintainMapper' mapperInterface. Bean already defined with the same name!
2022-05-15 02:07:53.222 [restartedMain] WARN  org.mybatis.spring.mapper.ClassPathMapperScanner - Skipping MapperFactoryBean with name 'operationLogMapper' and 'com.spb.houqin.admin.mapper.OperationLogMapper' mapperInterface. Bean already defined with the same name!
2022-05-15 02:07:53.222 [restartedMain] WARN  org.mybatis.spring.mapper.ClassPathMapperScanner - Skipping MapperFactoryBean with name 'statisticsMapper' and 'com.spb.houqin.admin.mapper.StatisticsMapper' mapperInterface. Bean already defined with the same name!
2022-05-15 02:07:53.222 [restartedMain] WARN  org.mybatis.spring.mapper.ClassPathMapperScanner - Skipping MapperFactoryBean with name 'toolMapper' and 'com.spb.houqin.admin.mapper.ToolMapper' mapperInterface. Bean already defined with the same name!
2022-05-15 02:07:53.222 [restartedMain] WARN  org.mybatis.spring.mapper.ClassPathMapperScanner - Skipping MapperFactoryBean with name 'userMapper' and 'com.spb.houqin.admin.mapper.UserMapper' mapperInterface. Bean already defined with the same name!
2022-05-15 02:07:53.222 [restartedMain] WARN  org.mybatis.spring.mapper.ClassPathMapperScanner - No MyBatis mapper was found in '[com.spb.houqin.admin.mapper]' package. Please check your configuration.
2022-05-15 02:09:11.326 [restartedMain] WARN  org.mybatis.spring.mapper.ClassPathMapperScanner - Skipping MapperFactoryBean with name 'loginLogMapper' and 'com.spb.houqin.admin.mapper.LoginLogMapper' mapperInterface. Bean already defined with the same name!
2022-05-15 02:09:11.327 [restartedMain] WARN  org.mybatis.spring.mapper.ClassPathMapperScanner - Skipping MapperFactoryBean with name 'maintainMapper' and 'com.spb.houqin.admin.mapper.MaintainMapper' mapperInterface. Bean already defined with the same name!
2022-05-15 02:09:11.327 [restartedMain] WARN  org.mybatis.spring.mapper.ClassPathMapperScanner - Skipping MapperFactoryBean with name 'operationLogMapper' and 'com.spb.houqin.admin.mapper.OperationLogMapper' mapperInterface. Bean already defined with the same name!
2022-05-15 02:09:11.327 [restartedMain] WARN  org.mybatis.spring.mapper.ClassPathMapperScanner - Skipping MapperFactoryBean with name 'statisticsMapper' and 'com.spb.houqin.admin.mapper.StatisticsMapper' mapperInterface. Bean already defined with the same name!
2022-05-15 02:09:11.327 [restartedMain] WARN  org.mybatis.spring.mapper.ClassPathMapperScanner - Skipping MapperFactoryBean with name 'toolMapper' and 'com.spb.houqin.admin.mapper.ToolMapper' mapperInterface. Bean already defined with the same name!
2022-05-15 02:09:11.328 [restartedMain] WARN  org.mybatis.spring.mapper.ClassPathMapperScanner - Skipping MapperFactoryBean with name 'userMapper' and 'com.spb.houqin.admin.mapper.UserMapper' mapperInterface. Bean already defined with the same name!
2022-05-15 02:09:11.328 [restartedMain] WARN  org.mybatis.spring.mapper.ClassPathMapperScanner - No MyBatis mapper was found in '[com.spb.houqin.admin.mapper]' package. Please check your configuration.
2022-05-15 02:19:51.808 [restartedMain] WARN  org.mybatis.spring.mapper.ClassPathMapperScanner - Skipping MapperFactoryBean with name 'loginLogMapper' and 'com.spb.houqin.admin.mapper.LoginLogMapper' mapperInterface. Bean already defined with the same name!
2022-05-15 02:19:51.809 [restartedMain] WARN  org.mybatis.spring.mapper.ClassPathMapperScanner - Skipping MapperFactoryBean with name 'maintainMapper' and 'com.spb.houqin.admin.mapper.MaintainMapper' mapperInterface. Bean already defined with the same name!
2022-05-15 02:19:51.809 [restartedMain] WARN  org.mybatis.spring.mapper.ClassPathMapperScanner - Skipping MapperFactoryBean with name 'operationLogMapper' and 'com.spb.houqin.admin.mapper.OperationLogMapper' mapperInterface. Bean already defined with the same name!
2022-05-15 02:19:51.809 [restartedMain] WARN  org.mybatis.spring.mapper.ClassPathMapperScanner - Skipping MapperFactoryBean with name 'statisticsMapper' and 'com.spb.houqin.admin.mapper.StatisticsMapper' mapperInterface. Bean already defined with the same name!
2022-05-15 02:19:51.810 [restartedMain] WARN  org.mybatis.spring.mapper.ClassPathMapperScanner - Skipping MapperFactoryBean with name 'toolMapper' and 'com.spb.houqin.admin.mapper.ToolMapper' mapperInterface. Bean already defined with the same name!
2022-05-15 02:19:51.810 [restartedMain] WARN  org.mybatis.spring.mapper.ClassPathMapperScanner - Skipping MapperFactoryBean with name 'userMapper' and 'com.spb.houqin.admin.mapper.UserMapper' mapperInterface. Bean already defined with the same name!
2022-05-15 02:19:51.810 [restartedMain] WARN  org.mybatis.spring.mapper.ClassPathMapperScanner - No MyBatis mapper was found in '[com.spb.houqin.admin.mapper]' package. Please check your configuration.
2022-05-15 02:21:35.773 [restartedMain] WARN  org.mybatis.spring.mapper.ClassPathMapperScanner - Skipping MapperFactoryBean with name 'loginLogMapper' and 'com.spb.houqin.admin.mapper.LoginLogMapper' mapperInterface. Bean already defined with the same name!
2022-05-15 02:21:35.774 [restartedMain] WARN  org.mybatis.spring.mapper.ClassPathMapperScanner - Skipping MapperFactoryBean with name 'maintainMapper' and 'com.spb.houqin.admin.mapper.MaintainMapper' mapperInterface. Bean already defined with the same name!
2022-05-15 02:21:35.774 [restartedMain] WARN  org.mybatis.spring.mapper.ClassPathMapperScanner - Skipping MapperFactoryBean with name 'operationLogMapper' and 'com.spb.houqin.admin.mapper.OperationLogMapper' mapperInterface. Bean already defined with the same name!
2022-05-15 02:21:35.774 [restartedMain] WARN  org.mybatis.spring.mapper.ClassPathMapperScanner - Skipping MapperFactoryBean with name 'statisticsMapper' and 'com.spb.houqin.admin.mapper.StatisticsMapper' mapperInterface. Bean already defined with the same name!
2022-05-15 02:21:35.774 [restartedMain] WARN  org.mybatis.spring.mapper.ClassPathMapperScanner - Skipping MapperFactoryBean with name 'toolMapper' and 'com.spb.houqin.admin.mapper.ToolMapper' mapperInterface. Bean already defined with the same name!
2022-05-15 02:21:35.774 [restartedMain] WARN  org.mybatis.spring.mapper.ClassPathMapperScanner - Skipping MapperFactoryBean with name 'userMapper' and 'com.spb.houqin.admin.mapper.UserMapper' mapperInterface. Bean already defined with the same name!
2022-05-15 02:21:35.775 [restartedMain] WARN  org.mybatis.spring.mapper.ClassPathMapperScanner - No MyBatis mapper was found in '[com.spb.houqin.admin.mapper]' package. Please check your configuration.
2022-05-15 02:34:29.477 [restartedMain] WARN  org.mybatis.spring.mapper.ClassPathMapperScanner - Skipping MapperFactoryBean with name 'loginLogMapper' and 'com.spb.houqin.admin.mapper.LoginLogMapper' mapperInterface. Bean already defined with the same name!
2022-05-15 02:34:29.478 [restartedMain] WARN  org.mybatis.spring.mapper.ClassPathMapperScanner - Skipping MapperFactoryBean with name 'maintainMapper' and 'com.spb.houqin.admin.mapper.MaintainMapper' mapperInterface. Bean already defined with the same name!
2022-05-15 02:34:29.479 [restartedMain] WARN  org.mybatis.spring.mapper.ClassPathMapperScanner - Skipping MapperFactoryBean with name 'operationLogMapper' and 'com.spb.houqin.admin.mapper.OperationLogMapper' mapperInterface. Bean already defined with the same name!
2022-05-15 02:34:29.479 [restartedMain] WARN  org.mybatis.spring.mapper.ClassPathMapperScanner - Skipping MapperFactoryBean with name 'statisticsMapper' and 'com.spb.houqin.admin.mapper.StatisticsMapper' mapperInterface. Bean already defined with the same name!
2022-05-15 02:34:29.479 [restartedMain] WARN  org.mybatis.spring.mapper.ClassPathMapperScanner - Skipping MapperFactoryBean with name 'toolMapper' and 'com.spb.houqin.admin.mapper.ToolMapper' mapperInterface. Bean already defined with the same name!
2022-05-15 02:34:29.479 [restartedMain] WARN  org.mybatis.spring.mapper.ClassPathMapperScanner - Skipping MapperFactoryBean with name 'userMapper' and 'com.spb.houqin.admin.mapper.UserMapper' mapperInterface. Bean already defined with the same name!
2022-05-15 02:34:29.479 [restartedMain] WARN  org.mybatis.spring.mapper.ClassPathMapperScanner - No MyBatis mapper was found in '[com.spb.houqin.admin.mapper]' package. Please check your configuration.
2022-05-15 02:39:40.883 [restartedMain] WARN  org.mybatis.spring.mapper.ClassPathMapperScanner - Skipping MapperFactoryBean with name 'loginLogMapper' and 'com.spb.houqin.admin.mapper.LoginLogMapper' mapperInterface. Bean already defined with the same name!
2022-05-15 02:39:40.883 [restartedMain] WARN  org.mybatis.spring.mapper.ClassPathMapperScanner - Skipping MapperFactoryBean with name 'maintainMapper' and 'com.spb.houqin.admin.mapper.MaintainMapper' mapperInterface. Bean already defined with the same name!
2022-05-15 02:39:40.884 [restartedMain] WARN  org.mybatis.spring.mapper.ClassPathMapperScanner - Skipping MapperFactoryBean with name 'operationLogMapper' and 'com.spb.houqin.admin.mapper.OperationLogMapper' mapperInterface. Bean already defined with the same name!
2022-05-15 02:39:40.884 [restartedMain] WARN  org.mybatis.spring.mapper.ClassPathMapperScanner - Skipping MapperFactoryBean with name 'statisticsMapper' and 'com.spb.houqin.admin.mapper.StatisticsMapper' mapperInterface. Bean already defined with the same name!
2022-05-15 02:39:40.884 [restartedMain] WARN  org.mybatis.spring.mapper.ClassPathMapperScanner - Skipping MapperFactoryBean with name 'toolMapper' and 'com.spb.houqin.admin.mapper.ToolMapper' mapperInterface. Bean already defined with the same name!
2022-05-15 02:39:40.884 [restartedMain] WARN  org.mybatis.spring.mapper.ClassPathMapperScanner - Skipping MapperFactoryBean with name 'userMapper' and 'com.spb.houqin.admin.mapper.UserMapper' mapperInterface. Bean already defined with the same name!
2022-05-15 02:39:40.885 [restartedMain] WARN  org.mybatis.spring.mapper.ClassPathMapperScanner - No MyBatis mapper was found in '[com.spb.houqin.admin.mapper]' package. Please check your configuration.
2022-05-15 02:42:25.544 [restartedMain] WARN  org.mybatis.spring.mapper.ClassPathMapperScanner - Skipping MapperFactoryBean with name 'loginLogMapper' and 'com.spb.houqin.admin.mapper.LoginLogMapper' mapperInterface. Bean already defined with the same name!
2022-05-15 02:42:25.545 [restartedMain] WARN  org.mybatis.spring.mapper.ClassPathMapperScanner - Skipping MapperFactoryBean with name 'maintainMapper' and 'com.spb.houqin.admin.mapper.MaintainMapper' mapperInterface. Bean already defined with the same name!
2022-05-15 02:42:25.545 [restartedMain] WARN  org.mybatis.spring.mapper.ClassPathMapperScanner - Skipping MapperFactoryBean with name 'operationLogMapper' and 'com.spb.houqin.admin.mapper.OperationLogMapper' mapperInterface. Bean already defined with the same name!
2022-05-15 02:42:25.545 [restartedMain] WARN  org.mybatis.spring.mapper.ClassPathMapperScanner - Skipping MapperFactoryBean with name 'statisticsMapper' and 'com.spb.houqin.admin.mapper.StatisticsMapper' mapperInterface. Bean already defined with the same name!
2022-05-15 02:42:25.546 [restartedMain] WARN  org.mybatis.spring.mapper.ClassPathMapperScanner - Skipping MapperFactoryBean with name 'toolMapper' and 'com.spb.houqin.admin.mapper.ToolMapper' mapperInterface. Bean already defined with the same name!
2022-05-15 02:42:25.546 [restartedMain] WARN  org.mybatis.spring.mapper.ClassPathMapperScanner - Skipping MapperFactoryBean with name 'userMapper' and 'com.spb.houqin.admin.mapper.UserMapper' mapperInterface. Bean already defined with the same name!
2022-05-15 02:42:25.546 [restartedMain] WARN  org.mybatis.spring.mapper.ClassPathMapperScanner - No MyBatis mapper was found in '[com.spb.houqin.admin.mapper]' package. Please check your configuration.
2022-05-15 02:46:21.813 [restartedMain] WARN  org.mybatis.spring.mapper.ClassPathMapperScanner - Skipping MapperFactoryBean with name 'loginLogMapper' and 'com.spb.houqin.admin.mapper.LoginLogMapper' mapperInterface. Bean already defined with the same name!
2022-05-15 02:46:21.814 [restartedMain] WARN  org.mybatis.spring.mapper.ClassPathMapperScanner - Skipping MapperFactoryBean with name 'maintainMapper' and 'com.spb.houqin.admin.mapper.MaintainMapper' mapperInterface. Bean already defined with the same name!
2022-05-15 02:46:21.814 [restartedMain] WARN  org.mybatis.spring.mapper.ClassPathMapperScanner - Skipping MapperFactoryBean with name 'operationLogMapper' and 'com.spb.houqin.admin.mapper.OperationLogMapper' mapperInterface. Bean already defined with the same name!
2022-05-15 02:46:21.814 [restartedMain] WARN  org.mybatis.spring.mapper.ClassPathMapperScanner - Skipping MapperFactoryBean with name 'statisticsMapper' and 'com.spb.houqin.admin.mapper.StatisticsMapper' mapperInterface. Bean already defined with the same name!
2022-05-15 02:46:21.814 [restartedMain] WARN  org.mybatis.spring.mapper.ClassPathMapperScanner - Skipping MapperFactoryBean with name 'toolMapper' and 'com.spb.houqin.admin.mapper.ToolMapper' mapperInterface. Bean already defined with the same name!
2022-05-15 02:46:21.815 [restartedMain] WARN  org.mybatis.spring.mapper.ClassPathMapperScanner - Skipping MapperFactoryBean with name 'userMapper' and 'com.spb.houqin.admin.mapper.UserMapper' mapperInterface. Bean already defined with the same name!
2022-05-15 02:46:21.815 [restartedMain] WARN  org.mybatis.spring.mapper.ClassPathMapperScanner - No MyBatis mapper was found in '[com.spb.houqin.admin.mapper]' package. Please check your configuration.
2022-05-15 11:26:39.422 [restartedMain] WARN  org.mybatis.spring.mapper.ClassPathMapperScanner - Skipping MapperFactoryBean with name 'loginLogMapper' and 'com.spb.houqin.admin.mapper.LoginLogMapper' mapperInterface. Bean already defined with the same name!
2022-05-15 11:26:39.422 [restartedMain] WARN  org.mybatis.spring.mapper.ClassPathMapperScanner - Skipping MapperFactoryBean with name 'maintainMapper' and 'com.spb.houqin.admin.mapper.MaintainMapper' mapperInterface. Bean already defined with the same name!
2022-05-15 11:26:39.422 [restartedMain] WARN  org.mybatis.spring.mapper.ClassPathMapperScanner - Skipping MapperFactoryBean with name 'operationLogMapper' and 'com.spb.houqin.admin.mapper.OperationLogMapper' mapperInterface. Bean already defined with the same name!
2022-05-15 11:26:39.422 [restartedMain] WARN  org.mybatis.spring.mapper.ClassPathMapperScanner - Skipping MapperFactoryBean with name 'statisticsMapper' and 'com.spb.houqin.admin.mapper.StatisticsMapper' mapperInterface. Bean already defined with the same name!
2022-05-15 11:26:39.422 [restartedMain] WARN  org.mybatis.spring.mapper.ClassPathMapperScanner - Skipping MapperFactoryBean with name 'toolMapper' and 'com.spb.houqin.admin.mapper.ToolMapper' mapperInterface. Bean already defined with the same name!
2022-05-15 11:26:39.422 [restartedMain] WARN  org.mybatis.spring.mapper.ClassPathMapperScanner - Skipping MapperFactoryBean with name 'userMapper' and 'com.spb.houqin.admin.mapper.UserMapper' mapperInterface. Bean already defined with the same name!
2022-05-15 11:26:39.422 [restartedMain] WARN  org.mybatis.spring.mapper.ClassPathMapperScanner - No MyBatis mapper was found in '[com.spb.houqin.admin.mapper]' package. Please check your configuration.
2022-05-15 11:48:50.639 [restartedMain] WARN  org.mybatis.spring.mapper.ClassPathMapperScanner - Skipping MapperFactoryBean with name 'loginLogMapper' and 'com.spb.houqin.admin.mapper.LoginLogMapper' mapperInterface. Bean already defined with the same name!
2022-05-15 11:48:50.640 [restartedMain] WARN  org.mybatis.spring.mapper.ClassPathMapperScanner - Skipping MapperFactoryBean with name 'maintainMapper' and 'com.spb.houqin.admin.mapper.MaintainMapper' mapperInterface. Bean already defined with the same name!
2022-05-15 11:48:50.640 [restartedMain] WARN  org.mybatis.spring.mapper.ClassPathMapperScanner - Skipping MapperFactoryBean with name 'operationLogMapper' and 'com.spb.houqin.admin.mapper.OperationLogMapper' mapperInterface. Bean already defined with the same name!
2022-05-15 11:48:50.640 [restartedMain] WARN  org.mybatis.spring.mapper.ClassPathMapperScanner - Skipping MapperFactoryBean with name 'statisticsMapper' and 'com.spb.houqin.admin.mapper.StatisticsMapper' mapperInterface. Bean already defined with the same name!
2022-05-15 11:48:50.641 [restartedMain] WARN  org.mybatis.spring.mapper.ClassPathMapperScanner - Skipping MapperFactoryBean with name 'toolMapper' and 'com.spb.houqin.admin.mapper.ToolMapper' mapperInterface. Bean already defined with the same name!
2022-05-15 11:48:50.641 [restartedMain] WARN  org.mybatis.spring.mapper.ClassPathMapperScanner - Skipping MapperFactoryBean with name 'userMapper' and 'com.spb.houqin.admin.mapper.UserMapper' mapperInterface. Bean already defined with the same name!
2022-05-15 11:48:50.641 [restartedMain] WARN  org.mybatis.spring.mapper.ClassPathMapperScanner - No MyBatis mapper was found in '[com.spb.houqin.admin.mapper]' package. Please check your configuration.
2022-05-15 11:50:53.368 [restartedMain] WARN  org.mybatis.spring.mapper.ClassPathMapperScanner - Skipping MapperFactoryBean with name 'loginLogMapper' and 'com.spb.houqin.admin.mapper.LoginLogMapper' mapperInterface. Bean already defined with the same name!
2022-05-15 11:50:53.369 [restartedMain] WARN  org.mybatis.spring.mapper.ClassPathMapperScanner - Skipping MapperFactoryBean with name 'maintainMapper' and 'com.spb.houqin.admin.mapper.MaintainMapper' mapperInterface. Bean already defined with the same name!
2022-05-15 11:50:53.369 [restartedMain] WARN  org.mybatis.spring.mapper.ClassPathMapperScanner - Skipping MapperFactoryBean with name 'operationLogMapper' and 'com.spb.houqin.admin.mapper.OperationLogMapper' mapperInterface. Bean already defined with the same name!
2022-05-15 11:50:53.369 [restartedMain] WARN  org.mybatis.spring.mapper.ClassPathMapperScanner - Skipping MapperFactoryBean with name 'statisticsMapper' and 'com.spb.houqin.admin.mapper.StatisticsMapper' mapperInterface. Bean already defined with the same name!
2022-05-15 11:50:53.370 [restartedMain] WARN  org.mybatis.spring.mapper.ClassPathMapperScanner - Skipping MapperFactoryBean with name 'toolMapper' and 'com.spb.houqin.admin.mapper.ToolMapper' mapperInterface. Bean already defined with the same name!
2022-05-15 11:50:53.370 [restartedMain] WARN  org.mybatis.spring.mapper.ClassPathMapperScanner - Skipping MapperFactoryBean with name 'userMapper' and 'com.spb.houqin.admin.mapper.UserMapper' mapperInterface. Bean already defined with the same name!
2022-05-15 11:50:53.370 [restartedMain] WARN  org.mybatis.spring.mapper.ClassPathMapperScanner - No MyBatis mapper was found in '[com.spb.houqin.admin.mapper]' package. Please check your configuration.
2022-05-15 11:57:04.167 [restartedMain] WARN  org.mybatis.spring.mapper.ClassPathMapperScanner - Skipping MapperFactoryBean with name 'loginLogMapper' and 'com.spb.houqin.admin.mapper.LoginLogMapper' mapperInterface. Bean already defined with the same name!
2022-05-15 11:57:04.167 [restartedMain] WARN  org.mybatis.spring.mapper.ClassPathMapperScanner - Skipping MapperFactoryBean with name 'maintainMapper' and 'com.spb.houqin.admin.mapper.MaintainMapper' mapperInterface. Bean already defined with the same name!
2022-05-15 11:57:04.167 [restartedMain] WARN  org.mybatis.spring.mapper.ClassPathMapperScanner - Skipping MapperFactoryBean with name 'operationLogMapper' and 'com.spb.houqin.admin.mapper.OperationLogMapper' mapperInterface. Bean already defined with the same name!
2022-05-15 11:57:04.167 [restartedMain] WARN  org.mybatis.spring.mapper.ClassPathMapperScanner - Skipping MapperFactoryBean with name 'statisticsMapper' and 'com.spb.houqin.admin.mapper.StatisticsMapper' mapperInterface. Bean already defined with the same name!
2022-05-15 11:57:04.168 [restartedMain] WARN  org.mybatis.spring.mapper.ClassPathMapperScanner - Skipping MapperFactoryBean with name 'toolMapper' and 'com.spb.houqin.admin.mapper.ToolMapper' mapperInterface. Bean already defined with the same name!
2022-05-15 11:57:04.168 [restartedMain] WARN  org.mybatis.spring.mapper.ClassPathMapperScanner - Skipping MapperFactoryBean with name 'userMapper' and 'com.spb.houqin.admin.mapper.UserMapper' mapperInterface. Bean already defined with the same name!
2022-05-15 11:57:04.168 [restartedMain] WARN  org.mybatis.spring.mapper.ClassPathMapperScanner - No MyBatis mapper was found in '[com.spb.houqin.admin.mapper]' package. Please check your configuration.
2022-05-15 12:15:12.024 [restartedMain] WARN  org.mybatis.spring.mapper.ClassPathMapperScanner - Skipping MapperFactoryBean with name 'loginLogMapper' and 'com.spb.houqin.admin.mapper.LoginLogMapper' mapperInterface. Bean already defined with the same name!
2022-05-15 12:15:12.024 [restartedMain] WARN  org.mybatis.spring.mapper.ClassPathMapperScanner - Skipping MapperFactoryBean with name 'maintainMapper' and 'com.spb.houqin.admin.mapper.MaintainMapper' mapperInterface. Bean already defined with the same name!
2022-05-15 12:15:12.024 [restartedMain] WARN  org.mybatis.spring.mapper.ClassPathMapperScanner - Skipping MapperFactoryBean with name 'operationLogMapper' and 'com.spb.houqin.admin.mapper.OperationLogMapper' mapperInterface. Bean already defined with the same name!
2022-05-15 12:15:12.025 [restartedMain] WARN  org.mybatis.spring.mapper.ClassPathMapperScanner - Skipping MapperFactoryBean with name 'statisticsMapper' and 'com.spb.houqin.admin.mapper.StatisticsMapper' mapperInterface. Bean already defined with the same name!
2022-05-15 12:15:12.025 [restartedMain] WARN  org.mybatis.spring.mapper.ClassPathMapperScanner - Skipping MapperFactoryBean with name 'toolMapper' and 'com.spb.houqin.admin.mapper.ToolMapper' mapperInterface. Bean already defined with the same name!
2022-05-15 12:15:12.025 [restartedMain] WARN  org.mybatis.spring.mapper.ClassPathMapperScanner - Skipping MapperFactoryBean with name 'userMapper' and 'com.spb.houqin.admin.mapper.UserMapper' mapperInterface. Bean already defined with the same name!
2022-05-15 12:15:12.025 [restartedMain] WARN  org.mybatis.spring.mapper.ClassPathMapperScanner - No MyBatis mapper was found in '[com.spb.houqin.admin.mapper]' package. Please check your configuration.
2022-05-15 12:16:44.511 [restartedMain] WARN  org.mybatis.spring.mapper.ClassPathMapperScanner - Skipping MapperFactoryBean with name 'loginLogMapper' and 'com.spb.houqin.admin.mapper.LoginLogMapper' mapperInterface. Bean already defined with the same name!
2022-05-15 12:16:44.512 [restartedMain] WARN  org.mybatis.spring.mapper.ClassPathMapperScanner - Skipping MapperFactoryBean with name 'maintainMapper' and 'com.spb.houqin.admin.mapper.MaintainMapper' mapperInterface. Bean already defined with the same name!
2022-05-15 12:16:44.512 [restartedMain] WARN  org.mybatis.spring.mapper.ClassPathMapperScanner - Skipping MapperFactoryBean with name 'operationLogMapper' and 'com.spb.houqin.admin.mapper.OperationLogMapper' mapperInterface. Bean already defined with the same name!
2022-05-15 12:16:44.512 [restartedMain] WARN  org.mybatis.spring.mapper.ClassPathMapperScanner - Skipping MapperFactoryBean with name 'statisticsMapper' and 'com.spb.houqin.admin.mapper.StatisticsMapper' mapperInterface. Bean already defined with the same name!
2022-05-15 12:16:44.513 [restartedMain] WARN  org.mybatis.spring.mapper.ClassPathMapperScanner - Skipping MapperFactoryBean with name 'toolMapper' and 'com.spb.houqin.admin.mapper.ToolMapper' mapperInterface. Bean already defined with the same name!
2022-05-15 12:16:44.513 [restartedMain] WARN  org.mybatis.spring.mapper.ClassPathMapperScanner - Skipping MapperFactoryBean with name 'userMapper' and 'com.spb.houqin.admin.mapper.UserMapper' mapperInterface. Bean already defined with the same name!
2022-05-15 12:16:44.513 [restartedMain] WARN  org.mybatis.spring.mapper.ClassPathMapperScanner - No MyBatis mapper was found in '[com.spb.houqin.admin.mapper]' package. Please check your configuration.
2022-05-15 12:28:03.940 [restartedMain] WARN  org.mybatis.spring.mapper.ClassPathMapperScanner - Skipping MapperFactoryBean with name 'loginLogMapper' and 'com.spb.houqin.admin.mapper.LoginLogMapper' mapperInterface. Bean already defined with the same name!
2022-05-15 12:28:03.941 [restartedMain] WARN  org.mybatis.spring.mapper.ClassPathMapperScanner - Skipping MapperFactoryBean with name 'maintainMapper' and 'com.spb.houqin.admin.mapper.MaintainMapper' mapperInterface. Bean already defined with the same name!
2022-05-15 12:28:03.941 [restartedMain] WARN  org.mybatis.spring.mapper.ClassPathMapperScanner - Skipping MapperFactoryBean with name 'operationLogMapper' and 'com.spb.houqin.admin.mapper.OperationLogMapper' mapperInterface. Bean already defined with the same name!
2022-05-15 12:28:03.941 [restartedMain] WARN  org.mybatis.spring.mapper.ClassPathMapperScanner - Skipping MapperFactoryBean with name 'statisticsMapper' and 'com.spb.houqin.admin.mapper.StatisticsMapper' mapperInterface. Bean already defined with the same name!
2022-05-15 12:28:03.941 [restartedMain] WARN  org.mybatis.spring.mapper.ClassPathMapperScanner - Skipping MapperFactoryBean with name 'toolMapper' and 'com.spb.houqin.admin.mapper.ToolMapper' mapperInterface. Bean already defined with the same name!
2022-05-15 12:28:03.942 [restartedMain] WARN  org.mybatis.spring.mapper.ClassPathMapperScanner - Skipping MapperFactoryBean with name 'userMapper' and 'com.spb.houqin.admin.mapper.UserMapper' mapperInterface. Bean already defined with the same name!
2022-05-15 12:28:03.942 [restartedMain] WARN  org.mybatis.spring.mapper.ClassPathMapperScanner - No MyBatis mapper was found in '[com.spb.houqin.admin.mapper]' package. Please check your configuration.
2022-05-15 12:32:53.230 [restartedMain] WARN  org.mybatis.spring.mapper.ClassPathMapperScanner - Skipping MapperFactoryBean with name 'loginLogMapper' and 'com.spb.houqin.admin.mapper.LoginLogMapper' mapperInterface. Bean already defined with the same name!
2022-05-15 12:32:53.231 [restartedMain] WARN  org.mybatis.spring.mapper.ClassPathMapperScanner - Skipping MapperFactoryBean with name 'maintainMapper' and 'com.spb.houqin.admin.mapper.MaintainMapper' mapperInterface. Bean already defined with the same name!
2022-05-15 12:32:53.231 [restartedMain] WARN  org.mybatis.spring.mapper.ClassPathMapperScanner - Skipping MapperFactoryBean with name 'operationLogMapper' and 'com.spb.houqin.admin.mapper.OperationLogMapper' mapperInterface. Bean already defined with the same name!
2022-05-15 12:32:53.231 [restartedMain] WARN  org.mybatis.spring.mapper.ClassPathMapperScanner - Skipping MapperFactoryBean with name 'statisticsMapper' and 'com.spb.houqin.admin.mapper.StatisticsMapper' mapperInterface. Bean already defined with the same name!
2022-05-15 12:32:53.232 [restartedMain] WARN  org.mybatis.spring.mapper.ClassPathMapperScanner - Skipping MapperFactoryBean with name 'toolMapper' and 'com.spb.houqin.admin.mapper.ToolMapper' mapperInterface. Bean already defined with the same name!
2022-05-15 12:32:53.232 [restartedMain] WARN  org.mybatis.spring.mapper.ClassPathMapperScanner - Skipping MapperFactoryBean with name 'userMapper' and 'com.spb.houqin.admin.mapper.UserMapper' mapperInterface. Bean already defined with the same name!
2022-05-15 12:32:53.232 [restartedMain] WARN  org.mybatis.spring.mapper.ClassPathMapperScanner - No MyBatis mapper was found in '[com.spb.houqin.admin.mapper]' package. Please check your configuration.
2022-05-15 12:35:21.846 [restartedMain] WARN  org.mybatis.spring.mapper.ClassPathMapperScanner - Skipping MapperFactoryBean with name 'loginLogMapper' and 'com.spb.houqin.admin.mapper.LoginLogMapper' mapperInterface. Bean already defined with the same name!
2022-05-15 12:35:21.847 [restartedMain] WARN  org.mybatis.spring.mapper.ClassPathMapperScanner - Skipping MapperFactoryBean with name 'maintainMapper' and 'com.spb.houqin.admin.mapper.MaintainMapper' mapperInterface. Bean already defined with the same name!
2022-05-15 12:35:21.847 [restartedMain] WARN  org.mybatis.spring.mapper.ClassPathMapperScanner - Skipping MapperFactoryBean with name 'operationLogMapper' and 'com.spb.houqin.admin.mapper.OperationLogMapper' mapperInterface. Bean already defined with the same name!
2022-05-15 12:35:21.847 [restartedMain] WARN  org.mybatis.spring.mapper.ClassPathMapperScanner - Skipping MapperFactoryBean with name 'statisticsMapper' and 'com.spb.houqin.admin.mapper.StatisticsMapper' mapperInterface. Bean already defined with the same name!
2022-05-15 12:35:21.848 [restartedMain] WARN  org.mybatis.spring.mapper.ClassPathMapperScanner - Skipping MapperFactoryBean with name 'toolMapper' and 'com.spb.houqin.admin.mapper.ToolMapper' mapperInterface. Bean already defined with the same name!
2022-05-15 12:35:21.848 [restartedMain] WARN  org.mybatis.spring.mapper.ClassPathMapperScanner - Skipping MapperFactoryBean with name 'userMapper' and 'com.spb.houqin.admin.mapper.UserMapper' mapperInterface. Bean already defined with the same name!
2022-05-15 12:35:21.848 [restartedMain] WARN  org.mybatis.spring.mapper.ClassPathMapperScanner - No MyBatis mapper was found in '[com.spb.houqin.admin.mapper]' package. Please check your configuration.
2022-05-15 12:37:04.610 [restartedMain] WARN  org.mybatis.spring.mapper.ClassPathMapperScanner - Skipping MapperFactoryBean with name 'loginLogMapper' and 'com.spb.houqin.admin.mapper.LoginLogMapper' mapperInterface. Bean already defined with the same name!
2022-05-15 12:37:04.611 [restartedMain] WARN  org.mybatis.spring.mapper.ClassPathMapperScanner - Skipping MapperFactoryBean with name 'maintainMapper' and 'com.spb.houqin.admin.mapper.MaintainMapper' mapperInterface. Bean already defined with the same name!
2022-05-15 12:37:04.611 [restartedMain] WARN  org.mybatis.spring.mapper.ClassPathMapperScanner - Skipping MapperFactoryBean with name 'operationLogMapper' and 'com.spb.houqin.admin.mapper.OperationLogMapper' mapperInterface. Bean already defined with the same name!
2022-05-15 12:37:04.611 [restartedMain] WARN  org.mybatis.spring.mapper.ClassPathMapperScanner - Skipping MapperFactoryBean with name 'statisticsMapper' and 'com.spb.houqin.admin.mapper.StatisticsMapper' mapperInterface. Bean already defined with the same name!
2022-05-15 12:37:04.612 [restartedMain] WARN  org.mybatis.spring.mapper.ClassPathMapperScanner - Skipping MapperFactoryBean with name 'toolMapper' and 'com.spb.houqin.admin.mapper.ToolMapper' mapperInterface. Bean already defined with the same name!
2022-05-15 12:37:04.612 [restartedMain] WARN  org.mybatis.spring.mapper.ClassPathMapperScanner - Skipping MapperFactoryBean with name 'userMapper' and 'com.spb.houqin.admin.mapper.UserMapper' mapperInterface. Bean already defined with the same name!
2022-05-15 12:37:04.612 [restartedMain] WARN  org.mybatis.spring.mapper.ClassPathMapperScanner - No MyBatis mapper was found in '[com.spb.houqin.admin.mapper]' package. Please check your configuration.
2022-05-15 13:18:56.231 [restartedMain] WARN  org.mybatis.spring.mapper.ClassPathMapperScanner - Skipping MapperFactoryBean with name 'loginLogMapper' and 'com.spb.houqin.admin.mapper.LoginLogMapper' mapperInterface. Bean already defined with the same name!
2022-05-15 13:18:56.231 [restartedMain] WARN  org.mybatis.spring.mapper.ClassPathMapperScanner - Skipping MapperFactoryBean with name 'maintainMapper' and 'com.spb.houqin.admin.mapper.MaintainMapper' mapperInterface. Bean already defined with the same name!
2022-05-15 13:18:56.231 [restartedMain] WARN  org.mybatis.spring.mapper.ClassPathMapperScanner - Skipping MapperFactoryBean with name 'operationLogMapper' and 'com.spb.houqin.admin.mapper.OperationLogMapper' mapperInterface. Bean already defined with the same name!
2022-05-15 13:18:56.232 [restartedMain] WARN  org.mybatis.spring.mapper.ClassPathMapperScanner - Skipping MapperFactoryBean with name 'statisticsMapper' and 'com.spb.houqin.admin.mapper.StatisticsMapper' mapperInterface. Bean already defined with the same name!
2022-05-15 13:18:56.232 [restartedMain] WARN  org.mybatis.spring.mapper.ClassPathMapperScanner - Skipping MapperFactoryBean with name 'toolMapper' and 'com.spb.houqin.admin.mapper.ToolMapper' mapperInterface. Bean already defined with the same name!
2022-05-15 13:18:56.232 [restartedMain] WARN  org.mybatis.spring.mapper.ClassPathMapperScanner - Skipping MapperFactoryBean with name 'userMapper' and 'com.spb.houqin.admin.mapper.UserMapper' mapperInterface. Bean already defined with the same name!
2022-05-15 13:18:56.232 [restartedMain] WARN  org.mybatis.spring.mapper.ClassPathMapperScanner - No MyBatis mapper was found in '[com.spb.houqin.admin.mapper]' package. Please check your configuration.
2022-05-15 13:21:55.887 [restartedMain] WARN  org.mybatis.spring.mapper.ClassPathMapperScanner - Skipping MapperFactoryBean with name 'loginLogMapper' and 'com.spb.houqin.admin.mapper.LoginLogMapper' mapperInterface. Bean already defined with the same name!
2022-05-15 13:21:55.888 [restartedMain] WARN  org.mybatis.spring.mapper.ClassPathMapperScanner - Skipping MapperFactoryBean with name 'maintainMapper' and 'com.spb.houqin.admin.mapper.MaintainMapper' mapperInterface. Bean already defined with the same name!
2022-05-15 13:21:55.888 [restartedMain] WARN  org.mybatis.spring.mapper.ClassPathMapperScanner - Skipping MapperFactoryBean with name 'operationLogMapper' and 'com.spb.houqin.admin.mapper.OperationLogMapper' mapperInterface. Bean already defined with the same name!
2022-05-15 13:21:55.888 [restartedMain] WARN  org.mybatis.spring.mapper.ClassPathMapperScanner - Skipping MapperFactoryBean with name 'statisticsMapper' and 'com.spb.houqin.admin.mapper.StatisticsMapper' mapperInterface. Bean already defined with the same name!
2022-05-15 13:21:55.889 [restartedMain] WARN  org.mybatis.spring.mapper.ClassPathMapperScanner - Skipping MapperFactoryBean with name 'toolMapper' and 'com.spb.houqin.admin.mapper.ToolMapper' mapperInterface. Bean already defined with the same name!
2022-05-15 13:21:55.889 [restartedMain] WARN  org.mybatis.spring.mapper.ClassPathMapperScanner - Skipping MapperFactoryBean with name 'userMapper' and 'com.spb.houqin.admin.mapper.UserMapper' mapperInterface. Bean already defined with the same name!
2022-05-15 13:21:55.889 [restartedMain] WARN  org.mybatis.spring.mapper.ClassPathMapperScanner - No MyBatis mapper was found in '[com.spb.houqin.admin.mapper]' package. Please check your configuration.
2022-05-15 13:23:35.740 [restartedMain] WARN  org.mybatis.spring.mapper.ClassPathMapperScanner - Skipping MapperFactoryBean with name 'loginLogMapper' and 'com.spb.houqin.admin.mapper.LoginLogMapper' mapperInterface. Bean already defined with the same name!
2022-05-15 13:23:35.741 [restartedMain] WARN  org.mybatis.spring.mapper.ClassPathMapperScanner - Skipping MapperFactoryBean with name 'maintainMapper' and 'com.spb.houqin.admin.mapper.MaintainMapper' mapperInterface. Bean already defined with the same name!
2022-05-15 13:23:35.741 [restartedMain] WARN  org.mybatis.spring.mapper.ClassPathMapperScanner - Skipping MapperFactoryBean with name 'operationLogMapper' and 'com.spb.houqin.admin.mapper.OperationLogMapper' mapperInterface. Bean already defined with the same name!
2022-05-15 13:23:35.741 [restartedMain] WARN  org.mybatis.spring.mapper.ClassPathMapperScanner - Skipping MapperFactoryBean with name 'statisticsMapper' and 'com.spb.houqin.admin.mapper.StatisticsMapper' mapperInterface. Bean already defined with the same name!
2022-05-15 13:23:35.742 [restartedMain] WARN  org.mybatis.spring.mapper.ClassPathMapperScanner - Skipping MapperFactoryBean with name 'toolMapper' and 'com.spb.houqin.admin.mapper.ToolMapper' mapperInterface. Bean already defined with the same name!
2022-05-15 13:23:35.742 [restartedMain] WARN  org.mybatis.spring.mapper.ClassPathMapperScanner - Skipping MapperFactoryBean with name 'userMapper' and 'com.spb.houqin.admin.mapper.UserMapper' mapperInterface. Bean already defined with the same name!
2022-05-15 13:23:35.742 [restartedMain] WARN  org.mybatis.spring.mapper.ClassPathMapperScanner - No MyBatis mapper was found in '[com.spb.houqin.admin.mapper]' package. Please check your configuration.
2022-05-15 13:25:40.139 [restartedMain] WARN  org.mybatis.spring.mapper.ClassPathMapperScanner - Skipping MapperFactoryBean with name 'loginLogMapper' and 'com.spb.houqin.admin.mapper.LoginLogMapper' mapperInterface. Bean already defined with the same name!
2022-05-15 13:25:40.139 [restartedMain] WARN  org.mybatis.spring.mapper.ClassPathMapperScanner - Skipping MapperFactoryBean with name 'maintainMapper' and 'com.spb.houqin.admin.mapper.MaintainMapper' mapperInterface. Bean already defined with the same name!
2022-05-15 13:25:40.140 [restartedMain] WARN  org.mybatis.spring.mapper.ClassPathMapperScanner - Skipping MapperFactoryBean with name 'operationLogMapper' and 'com.spb.houqin.admin.mapper.OperationLogMapper' mapperInterface. Bean already defined with the same name!
2022-05-15 13:25:40.140 [restartedMain] WARN  org.mybatis.spring.mapper.ClassPathMapperScanner - Skipping MapperFactoryBean with name 'statisticsMapper' and 'com.spb.houqin.admin.mapper.StatisticsMapper' mapperInterface. Bean already defined with the same name!
2022-05-15 13:25:40.140 [restartedMain] WARN  org.mybatis.spring.mapper.ClassPathMapperScanner - Skipping MapperFactoryBean with name 'toolMapper' and 'com.spb.houqin.admin.mapper.ToolMapper' mapperInterface. Bean already defined with the same name!
2022-05-15 13:25:40.140 [restartedMain] WARN  org.mybatis.spring.mapper.ClassPathMapperScanner - Skipping MapperFactoryBean with name 'userMapper' and 'com.spb.houqin.admin.mapper.UserMapper' mapperInterface. Bean already defined with the same name!
2022-05-15 13:25:40.141 [restartedMain] WARN  org.mybatis.spring.mapper.ClassPathMapperScanner - No MyBatis mapper was found in '[com.spb.houqin.admin.mapper]' package. Please check your configuration.
2022-05-15 13:34:48.375 [restartedMain] WARN  org.mybatis.spring.mapper.ClassPathMapperScanner - Skipping MapperFactoryBean with name 'loginLogMapper' and 'com.spb.houqin.admin.mapper.LoginLogMapper' mapperInterface. Bean already defined with the same name!
2022-05-15 13:34:48.375 [restartedMain] WARN  org.mybatis.spring.mapper.ClassPathMapperScanner - Skipping MapperFactoryBean with name 'maintainMapper' and 'com.spb.houqin.admin.mapper.MaintainMapper' mapperInterface. Bean already defined with the same name!
2022-05-15 13:34:48.375 [restartedMain] WARN  org.mybatis.spring.mapper.ClassPathMapperScanner - Skipping MapperFactoryBean with name 'operationLogMapper' and 'com.spb.houqin.admin.mapper.OperationLogMapper' mapperInterface. Bean already defined with the same name!
2022-05-15 13:34:48.376 [restartedMain] WARN  org.mybatis.spring.mapper.ClassPathMapperScanner - Skipping MapperFactoryBean with name 'statisticsMapper' and 'com.spb.houqin.admin.mapper.StatisticsMapper' mapperInterface. Bean already defined with the same name!
2022-05-15 13:34:48.376 [restartedMain] WARN  org.mybatis.spring.mapper.ClassPathMapperScanner - Skipping MapperFactoryBean with name 'toolMapper' and 'com.spb.houqin.admin.mapper.ToolMapper' mapperInterface. Bean already defined with the same name!
2022-05-15 13:34:48.376 [restartedMain] WARN  org.mybatis.spring.mapper.ClassPathMapperScanner - Skipping MapperFactoryBean with name 'userMapper' and 'com.spb.houqin.admin.mapper.UserMapper' mapperInterface. Bean already defined with the same name!
2022-05-15 13:34:48.376 [restartedMain] WARN  org.mybatis.spring.mapper.ClassPathMapperScanner - No MyBatis mapper was found in '[com.spb.houqin.admin.mapper]' package. Please check your configuration.
2022-05-15 14:08:12.956 [restartedMain] WARN  org.mybatis.spring.mapper.ClassPathMapperScanner - Skipping MapperFactoryBean with name 'loginLogMapper' and 'com.spb.houqin.admin.mapper.LoginLogMapper' mapperInterface. Bean already defined with the same name!
2022-05-15 14:08:12.956 [restartedMain] WARN  org.mybatis.spring.mapper.ClassPathMapperScanner - Skipping MapperFactoryBean with name 'maintainMapper' and 'com.spb.houqin.admin.mapper.MaintainMapper' mapperInterface. Bean already defined with the same name!
2022-05-15 14:08:12.957 [restartedMain] WARN  org.mybatis.spring.mapper.ClassPathMapperScanner - Skipping MapperFactoryBean with name 'operationLogMapper' and 'com.spb.houqin.admin.mapper.OperationLogMapper' mapperInterface. Bean already defined with the same name!
2022-05-15 14:08:12.957 [restartedMain] WARN  org.mybatis.spring.mapper.ClassPathMapperScanner - Skipping MapperFactoryBean with name 'statisticsMapper' and 'com.spb.houqin.admin.mapper.StatisticsMapper' mapperInterface. Bean already defined with the same name!
2022-05-15 14:08:12.957 [restartedMain] WARN  org.mybatis.spring.mapper.ClassPathMapperScanner - Skipping MapperFactoryBean with name 'toolMapper' and 'com.spb.houqin.admin.mapper.ToolMapper' mapperInterface. Bean already defined with the same name!
2022-05-15 14:08:12.957 [restartedMain] WARN  org.mybatis.spring.mapper.ClassPathMapperScanner - Skipping MapperFactoryBean with name 'userMapper' and 'com.spb.houqin.admin.mapper.UserMapper' mapperInterface. Bean already defined with the same name!
2022-05-15 14:08:12.958 [restartedMain] WARN  org.mybatis.spring.mapper.ClassPathMapperScanner - No MyBatis mapper was found in '[com.spb.houqin.admin.mapper]' package. Please check your configuration.
2022-05-15 14:37:17.945 [restartedMain] WARN  org.mybatis.spring.mapper.ClassPathMapperScanner - Skipping MapperFactoryBean with name 'loginLogMapper' and 'com.spb.houqin.admin.mapper.LoginLogMapper' mapperInterface. Bean already defined with the same name!
2022-05-15 14:37:17.959 [restartedMain] WARN  org.mybatis.spring.mapper.ClassPathMapperScanner - Skipping MapperFactoryBean with name 'maintainMapper' and 'com.spb.houqin.admin.mapper.MaintainMapper' mapperInterface. Bean already defined with the same name!
2022-05-15 14:37:17.959 [restartedMain] WARN  org.mybatis.spring.mapper.ClassPathMapperScanner - Skipping MapperFactoryBean with name 'operationLogMapper' and 'com.spb.houqin.admin.mapper.OperationLogMapper' mapperInterface. Bean already defined with the same name!
2022-05-15 14:37:17.959 [restartedMain] WARN  org.mybatis.spring.mapper.ClassPathMapperScanner - Skipping MapperFactoryBean with name 'statisticsMapper' and 'com.spb.houqin.admin.mapper.StatisticsMapper' mapperInterface. Bean already defined with the same name!
2022-05-15 14:37:17.959 [restartedMain] WARN  org.mybatis.spring.mapper.ClassPathMapperScanner - Skipping MapperFactoryBean with name 'toolMapper' and 'com.spb.houqin.admin.mapper.ToolMapper' mapperInterface. Bean already defined with the same name!
2022-05-15 14:37:17.959 [restartedMain] WARN  org.mybatis.spring.mapper.ClassPathMapperScanner - Skipping MapperFactoryBean with name 'userMapper' and 'com.spb.houqin.admin.mapper.UserMapper' mapperInterface. Bean already defined with the same name!
2022-05-15 14:37:17.960 [restartedMain] WARN  org.mybatis.spring.mapper.ClassPathMapperScanner - No MyBatis mapper was found in '[com.spb.houqin.admin.mapper]' package. Please check your configuration.
2022-05-15 14:37:21.263 [restartedMain] WARN  o.s.b.w.s.c.AnnotationConfigServletWebServerApplicationContext - Exception encountered during context initialization - cancelling refresh attempt: org.springframework.beans.factory.UnsatisfiedDependencyException: Error creating bean with name 'loginController': Unsatisfied dependency expressed through field 'userService'; nested exception is org.springframework.beans.factory.UnsatisfiedDependencyException: Error creating bean with name 'userServiceImpl': Unsatisfied dependency expressed through field 'baseMapper'; nested exception is org.springframework.beans.factory.UnsatisfiedDependencyException: Error creating bean with name 'userMapper' defined in file [E:\houqin\target\classes\com\spb\houqin\admin\mapper\UserMapper.class]: Unsatisfied dependency expressed through bean property 'sqlSessionFactory'; nested exception is org.springframework.beans.factory.BeanCreationException: Error creating bean with name 'sqlSessionFactory' defined in class path resource [com/baomidou/mybatisplus/autoconfigure/MybatisPlusAutoConfiguration.class]: Bean instantiation via factory method failed; nested exception is org.springframework.beans.BeanInstantiationException: Failed to instantiate [org.apache.ibatis.session.SqlSessionFactory]: Factory method 'sqlSessionFactory' threw exception; nested exception is com.baomidou.mybatisplus.core.exceptions.MybatisPlusException: Error: GlobalConfigUtils setMetaData Fail !  Cause:com.mysql.jdbc.exceptions.jdbc4.MySQLSyntaxErrorException: Unknown database 'houqin'
2022-05-15 14:38:33.891 [restartedMain] WARN  org.mybatis.spring.mapper.ClassPathMapperScanner - Skipping MapperFactoryBean with name 'loginLogMapper' and 'com.spb.houqin.admin.mapper.LoginLogMapper' mapperInterface. Bean already defined with the same name!
2022-05-15 14:38:33.891 [restartedMain] WARN  org.mybatis.spring.mapper.ClassPathMapperScanner - Skipping MapperFactoryBean with name 'maintainMapper' and 'com.spb.houqin.admin.mapper.MaintainMapper' mapperInterface. Bean already defined with the same name!
2022-05-15 14:38:33.892 [restartedMain] WARN  org.mybatis.spring.mapper.ClassPathMapperScanner - Skipping MapperFactoryBean with name 'operationLogMapper' and 'com.spb.houqin.admin.mapper.OperationLogMapper' mapperInterface. Bean already defined with the same name!
2022-05-15 14:38:33.892 [restartedMain] WARN  org.mybatis.spring.mapper.ClassPathMapperScanner - Skipping MapperFactoryBean with name 'statisticsMapper' and 'com.spb.houqin.admin.mapper.StatisticsMapper' mapperInterface. Bean already defined with the same name!
2022-05-15 14:38:33.892 [restartedMain] WARN  org.mybatis.spring.mapper.ClassPathMapperScanner - Skipping MapperFactoryBean with name 'toolMapper' and 'com.spb.houqin.admin.mapper.ToolMapper' mapperInterface. Bean already defined with the same name!
2022-05-15 14:38:33.893 [restartedMain] WARN  org.mybatis.spring.mapper.ClassPathMapperScanner - Skipping MapperFactoryBean with name 'userMapper' and 'com.spb.houqin.admin.mapper.UserMapper' mapperInterface. Bean already defined with the same name!
2022-05-15 14:38:33.893 [restartedMain] WARN  org.mybatis.spring.mapper.ClassPathMapperScanner - No MyBatis mapper was found in '[com.spb.houqin.admin.mapper]' package. Please check your configuration.
2022-05-15 14:43:53.517 [restartedMain] WARN  org.mybatis.spring.mapper.ClassPathMapperScanner - Skipping MapperFactoryBean with name 'loginLogMapper' and 'com.spb.houqin.admin.mapper.LoginLogMapper' mapperInterface. Bean already defined with the same name!
2022-05-15 14:43:53.517 [restartedMain] WARN  org.mybatis.spring.mapper.ClassPathMapperScanner - Skipping MapperFactoryBean with name 'maintainMapper' and 'com.spb.houqin.admin.mapper.MaintainMapper' mapperInterface. Bean already defined with the same name!
2022-05-15 14:43:53.517 [restartedMain] WARN  org.mybatis.spring.mapper.ClassPathMapperScanner - Skipping MapperFactoryBean with name 'operationLogMapper' and 'com.spb.houqin.admin.mapper.OperationLogMapper' mapperInterface. Bean already defined with the same name!
2022-05-15 14:43:53.517 [restartedMain] WARN  org.mybatis.spring.mapper.ClassPathMapperScanner - Skipping MapperFactoryBean with name 'statisticsMapper' and 'com.spb.houqin.admin.mapper.StatisticsMapper' mapperInterface. Bean already defined with the same name!
2022-05-15 14:43:53.518 [restartedMain] WARN  org.mybatis.spring.mapper.ClassPathMapperScanner - Skipping MapperFactoryBean with name 'toolMapper' and 'com.spb.houqin.admin.mapper.ToolMapper' mapperInterface. Bean already defined with the same name!
2022-05-15 14:43:53.518 [restartedMain] WARN  org.mybatis.spring.mapper.ClassPathMapperScanner - Skipping MapperFactoryBean with name 'userMapper' and 'com.spb.houqin.admin.mapper.UserMapper' mapperInterface. Bean already defined with the same name!
2022-05-15 14:43:53.518 [restartedMain] WARN  org.mybatis.spring.mapper.ClassPathMapperScanner - No MyBatis mapper was found in '[com.spb.houqin.admin.mapper]' package. Please check your configuration.
2022-05-15 14:51:07.381 [restartedMain] WARN  org.mybatis.spring.mapper.ClassPathMapperScanner - Skipping MapperFactoryBean with name 'loginLogMapper' and 'com.spb.houqin.admin.mapper.LoginLogMapper' mapperInterface. Bean already defined with the same name!
2022-05-15 14:51:07.381 [restartedMain] WARN  org.mybatis.spring.mapper.ClassPathMapperScanner - Skipping MapperFactoryBean with name 'maintainMapper' and 'com.spb.houqin.admin.mapper.MaintainMapper' mapperInterface. Bean already defined with the same name!
2022-05-15 14:51:07.381 [restartedMain] WARN  org.mybatis.spring.mapper.ClassPathMapperScanner - Skipping MapperFactoryBean with name 'operationLogMapper' and 'com.spb.houqin.admin.mapper.OperationLogMapper' mapperInterface. Bean already defined with the same name!
2022-05-15 14:51:07.381 [restartedMain] WARN  org.mybatis.spring.mapper.ClassPathMapperScanner - Skipping MapperFactoryBean with name 'statisticsMapper' and 'com.spb.houqin.admin.mapper.StatisticsMapper' mapperInterface. Bean already defined with the same name!
2022-05-15 14:51:07.381 [restartedMain] WARN  org.mybatis.spring.mapper.ClassPathMapperScanner - Skipping MapperFactoryBean with name 'toolMapper' and 'com.spb.houqin.admin.mapper.ToolMapper' mapperInterface. Bean already defined with the same name!
2022-05-15 14:51:07.381 [restartedMain] WARN  org.mybatis.spring.mapper.ClassPathMapperScanner - Skipping MapperFactoryBean with name 'userMapper' and 'com.spb.houqin.admin.mapper.UserMapper' mapperInterface. Bean already defined with the same name!
2022-05-15 14:51:07.382 [restartedMain] WARN  org.mybatis.spring.mapper.ClassPathMapperScanner - No MyBatis mapper was found in '[com.spb.houqin.admin.mapper]' package. Please check your configuration.
2022-05-15 14:56:02.372 [restartedMain] WARN  org.mybatis.spring.mapper.ClassPathMapperScanner - Skipping MapperFactoryBean with name 'loginLogMapper' and 'com.spb.houqin.admin.mapper.LoginLogMapper' mapperInterface. Bean already defined with the same name!
2022-05-15 14:56:02.372 [restartedMain] WARN  org.mybatis.spring.mapper.ClassPathMapperScanner - Skipping MapperFactoryBean with name 'maintainMapper' and 'com.spb.houqin.admin.mapper.MaintainMapper' mapperInterface. Bean already defined with the same name!
2022-05-15 14:56:02.372 [restartedMain] WARN  org.mybatis.spring.mapper.ClassPathMapperScanner - Skipping MapperFactoryBean with name 'operationLogMapper' and 'com.spb.houqin.admin.mapper.OperationLogMapper' mapperInterface. Bean already defined with the same name!
2022-05-15 14:56:02.373 [restartedMain] WARN  org.mybatis.spring.mapper.ClassPathMapperScanner - Skipping MapperFactoryBean with name 'statisticsMapper' and 'com.spb.houqin.admin.mapper.StatisticsMapper' mapperInterface. Bean already defined with the same name!
2022-05-15 14:56:02.373 [restartedMain] WARN  org.mybatis.spring.mapper.ClassPathMapperScanner - Skipping MapperFactoryBean with name 'toolMapper' and 'com.spb.houqin.admin.mapper.ToolMapper' mapperInterface. Bean already defined with the same name!
2022-05-15 14:56:02.373 [restartedMain] WARN  org.mybatis.spring.mapper.ClassPathMapperScanner - Skipping MapperFactoryBean with name 'userMapper' and 'com.spb.houqin.admin.mapper.UserMapper' mapperInterface. Bean already defined with the same name!
2022-05-15 14:56:02.373 [restartedMain] WARN  org.mybatis.spring.mapper.ClassPathMapperScanner - No MyBatis mapper was found in '[com.spb.houqin.admin.mapper]' package. Please check your configuration.
2022-05-15 14:56:57.751 [http-nio-8088-exec-1] WARN  org.springframework.web.servlet.PageNotFound - No mapping found for HTTP request with URI [/] in DispatcherServlet with name 'dispatcherServlet'
2022-05-15 14:58:16.168 [restartedMain] WARN  org.mybatis.spring.mapper.ClassPathMapperScanner - Skipping MapperFactoryBean with name 'loginLogMapper' and 'com.spb.houqin.admin.mapper.LoginLogMapper' mapperInterface. Bean already defined with the same name!
2022-05-15 14:58:16.168 [restartedMain] WARN  org.mybatis.spring.mapper.ClassPathMapperScanner - Skipping MapperFactoryBean with name 'maintainMapper' and 'com.spb.houqin.admin.mapper.MaintainMapper' mapperInterface. Bean already defined with the same name!
2022-05-15 14:58:16.169 [restartedMain] WARN  org.mybatis.spring.mapper.ClassPathMapperScanner - Skipping MapperFactoryBean with name 'operationLogMapper' and 'com.spb.houqin.admin.mapper.OperationLogMapper' mapperInterface. Bean already defined with the same name!
2022-05-15 14:58:16.169 [restartedMain] WARN  org.mybatis.spring.mapper.ClassPathMapperScanner - Skipping MapperFactoryBean with name 'statisticsMapper' and 'com.spb.houqin.admin.mapper.StatisticsMapper' mapperInterface. Bean already defined with the same name!
2022-05-15 14:58:16.169 [restartedMain] WARN  org.mybatis.spring.mapper.ClassPathMapperScanner - Skipping MapperFactoryBean with name 'toolMapper' and 'com.spb.houqin.admin.mapper.ToolMapper' mapperInterface. Bean already defined with the same name!
2022-05-15 14:58:16.169 [restartedMain] WARN  org.mybatis.spring.mapper.ClassPathMapperScanner - Skipping MapperFactoryBean with name 'userMapper' and 'com.spb.houqin.admin.mapper.UserMapper' mapperInterface. Bean already defined with the same name!
2022-05-15 14:58:16.169 [restartedMain] WARN  org.mybatis.spring.mapper.ClassPathMapperScanner - No MyBatis mapper was found in '[com.spb.houqin.admin.mapper]' package. Please check your configuration.
2022-05-15 14:58:30.057 [http-nio-8088-exec-1] WARN  org.springframework.web.servlet.PageNotFound - No mapping found for HTTP request with URI [/] in DispatcherServlet with name 'dispatcherServlet'
2022-05-15 15:06:37.707 [restartedMain] WARN  org.mybatis.spring.mapper.ClassPathMapperScanner - Skipping MapperFactoryBean with name 'loginLogMapper' and 'com.spb.houqin.admin.mapper.LoginLogMapper' mapperInterface. Bean already defined with the same name!
2022-05-15 15:06:37.708 [restartedMain] WARN  org.mybatis.spring.mapper.ClassPathMapperScanner - Skipping MapperFactoryBean with name 'maintainMapper' and 'com.spb.houqin.admin.mapper.MaintainMapper' mapperInterface. Bean already defined with the same name!
2022-05-15 15:06:37.708 [restartedMain] WARN  org.mybatis.spring.mapper.ClassPathMapperScanner - Skipping MapperFactoryBean with name 'operationLogMapper' and 'com.spb.houqin.admin.mapper.OperationLogMapper' mapperInterface. Bean already defined with the same name!
2022-05-15 15:06:37.708 [restartedMain] WARN  org.mybatis.spring.mapper.ClassPathMapperScanner - Skipping MapperFactoryBean with name 'statisticsMapper' and 'com.spb.houqin.admin.mapper.StatisticsMapper' mapperInterface. Bean already defined with the same name!
2022-05-15 15:06:37.708 [restartedMain] WARN  org.mybatis.spring.mapper.ClassPathMapperScanner - Skipping MapperFactoryBean with name 'toolMapper' and 'com.spb.houqin.admin.mapper.ToolMapper' mapperInterface. Bean already defined with the same name!
2022-05-15 15:06:37.708 [restartedMain] WARN  org.mybatis.spring.mapper.ClassPathMapperScanner - Skipping MapperFactoryBean with name 'userMapper' and 'com.spb.houqin.admin.mapper.UserMapper' mapperInterface. Bean already defined with the same name!
2022-05-15 15:06:37.708 [restartedMain] WARN  org.mybatis.spring.mapper.ClassPathMapperScanner - No MyBatis mapper was found in '[com.spb.houqin.admin.mapper]' package. Please check your configuration.
2022-05-15 15:06:48.352 [http-nio-8088-exec-1] WARN  org.springframework.web.servlet.PageNotFound - No mapping found for HTTP request with URI [/login] in DispatcherServlet with name 'dispatcherServlet'
2022-05-15 15:14:02.892 [restartedMain] WARN  org.mybatis.spring.mapper.ClassPathMapperScanner - Skipping MapperFactoryBean with name 'loginLogMapper' and 'com.spb.houqin.admin.mapper.LoginLogMapper' mapperInterface. Bean already defined with the same name!
2022-05-15 15:14:02.892 [restartedMain] WARN  org.mybatis.spring.mapper.ClassPathMapperScanner - Skipping MapperFactoryBean with name 'maintainMapper' and 'com.spb.houqin.admin.mapper.MaintainMapper' mapperInterface. Bean already defined with the same name!
2022-05-15 15:14:02.892 [restartedMain] WARN  org.mybatis.spring.mapper.ClassPathMapperScanner - Skipping MapperFactoryBean with name 'operationLogMapper' and 'com.spb.houqin.admin.mapper.OperationLogMapper' mapperInterface. Bean already defined with the same name!
2022-05-15 15:14:02.892 [restartedMain] WARN  org.mybatis.spring.mapper.ClassPathMapperScanner - Skipping MapperFactoryBean with name 'statisticsMapper' and 'com.spb.houqin.admin.mapper.StatisticsMapper' mapperInterface. Bean already defined with the same name!
2022-05-15 15:14:02.892 [restartedMain] WARN  org.mybatis.spring.mapper.ClassPathMapperScanner - Skipping MapperFactoryBean with name 'toolMapper' and 'com.spb.houqin.admin.mapper.ToolMapper' mapperInterface. Bean already defined with the same name!
2022-05-15 15:14:02.892 [restartedMain] WARN  org.mybatis.spring.mapper.ClassPathMapperScanner - Skipping MapperFactoryBean with name 'userMapper' and 'com.spb.houqin.admin.mapper.UserMapper' mapperInterface. Bean already defined with the same name!
2022-05-15 15:14:02.892 [restartedMain] WARN  org.mybatis.spring.mapper.ClassPathMapperScanner - No MyBatis mapper was found in '[com.spb.houqin.admin.mapper]' package. Please check your configuration.
2022-05-15 15:14:45.654 [http-nio-8088-exec-1] WARN  org.springframework.web.servlet.PageNotFound - No mapping found for HTTP request with URI [/login] in DispatcherServlet with name 'dispatcherServlet'
2022-05-15 15:14:52.715 [http-nio-8088-exec-5] WARN  org.springframework.web.servlet.PageNotFound - No mapping found for HTTP request with URI [/] in DispatcherServlet with name 'dispatcherServlet'
2022-05-15 15:16:43.552 [http-nio-8088-exec-8] WARN  org.springframework.web.servlet.PageNotFound - No mapping found for HTTP request with URI [/admin] in DispatcherServlet with name 'dispatcherServlet'
2022-05-15 15:17:02.177 [http-nio-8088-exec-1] WARN  org.springframework.web.servlet.PageNotFound - No mapping found for HTTP request with URI [/] in DispatcherServlet with name 'dispatcherServlet'
2022-05-15 15:19:08.612 [http-nio-8088-exec-3] WARN  org.springframework.web.servlet.PageNotFound - No mapping found for HTTP request with URI [/login] in DispatcherServlet with name 'dispatcherServlet'
2022-05-15 15:21:14.766 [http-nio-8088-exec-8] WARN  org.springframework.web.servlet.PageNotFound - No mapping found for HTTP request with URI [/admin/maintain/%7B%7Bd.img%7D%7D] in DispatcherServlet with name 'dispatcherServlet'
2022-05-15 15:21:15.208 [http-nio-8088-exec-1] WARN  org.springframework.web.servlet.PageNotFound - No mapping found for HTTP request with URI [/admin/tool/%7B%7Bd.img%7D%7D] in DispatcherServlet with name 'dispatcherServlet'
2022-05-15 17:25:57.192 [restartedMain] WARN  org.mybatis.spring.mapper.ClassPathMapperScanner - Skipping MapperFactoryBean with name 'loginLogMapper' and 'com.spb.houqin.admin.mapper.LoginLogMapper' mapperInterface. Bean already defined with the same name!
2022-05-15 17:25:57.217 [restartedMain] WARN  org.mybatis.spring.mapper.ClassPathMapperScanner - Skipping MapperFactoryBean with name 'maintainMapper' and 'com.spb.houqin.admin.mapper.MaintainMapper' mapperInterface. Bean already defined with the same name!
2022-05-15 17:25:57.217 [restartedMain] WARN  org.mybatis.spring.mapper.ClassPathMapperScanner - Skipping MapperFactoryBean with name 'operationLogMapper' and 'com.spb.houqin.admin.mapper.OperationLogMapper' mapperInterface. Bean already defined with the same name!
2022-05-15 17:25:57.217 [restartedMain] WARN  org.mybatis.spring.mapper.ClassPathMapperScanner - Skipping MapperFactoryBean with name 'statisticsMapper' and 'com.spb.houqin.admin.mapper.StatisticsMapper' mapperInterface. Bean already defined with the same name!
2022-05-15 17:25:57.217 [restartedMain] WARN  org.mybatis.spring.mapper.ClassPathMapperScanner - Skipping MapperFactoryBean with name 'toolMapper' and 'com.spb.houqin.admin.mapper.ToolMapper' mapperInterface. Bean already defined with the same name!
2022-05-15 17:25:57.218 [restartedMain] WARN  org.mybatis.spring.mapper.ClassPathMapperScanner - Skipping MapperFactoryBean with name 'userMapper' and 'com.spb.houqin.admin.mapper.UserMapper' mapperInterface. Bean already defined with the same name!
2022-05-15 17:25:57.218 [restartedMain] WARN  org.mybatis.spring.mapper.ClassPathMapperScanner - No MyBatis mapper was found in '[com.spb.houqin.admin.mapper]' package. Please check your configuration.
