2022-05-14 19:14:35.237 [restartedMain] WARN  org.mybatis.spring.mapper.ClassPathMapperScanner - Skipping MapperFactoryBean with name 'loginLogMapper' and 'com.spb.houqin.admin.mapper.LoginLogMapper' mapperInterface. Bean already defined with the same name!
2022-05-14 19:14:35.239 [restartedMain] WARN  org.mybatis.spring.mapper.ClassPathMapperScanner - Skipping MapperFactoryBean with name 'maintainMapper' and 'com.spb.houqin.admin.mapper.MaintainMapper' mapperInterface. Bean already defined with the same name!
2022-05-14 19:14:35.239 [restartedMain] WARN  org.mybatis.spring.mapper.ClassPathMapperScanner - Skipping MapperFactoryBean with name 'operationLogMapper' and 'com.spb.houqin.admin.mapper.OperationLogMapper' mapperInterface. Bean already defined with the same name!
2022-05-14 19:14:35.239 [restartedMain] WARN  org.mybatis.spring.mapper.ClassPathMapperScanner - Skipping MapperFactoryBean with name 'statisticsMapper' and 'com.spb.houqin.admin.mapper.StatisticsMapper' mapperInterface. Bean already defined with the same name!
2022-05-14 19:14:35.240 [restartedMain] WARN  org.mybatis.spring.mapper.ClassPathMapperScanner - Skipping MapperFactoryBean with name 'toolMapper' and 'com.spb.houqin.admin.mapper.ToolMapper' mapperInterface. Bean already defined with the same name!
2022-05-14 19:14:35.240 [restartedMain] WARN  org.mybatis.spring.mapper.ClassPathMapperScanner - Skipping MapperFactoryBean with name 'userMapper' and 'com.spb.houqin.admin.mapper.UserMapper' mapperInterface. Bean already defined with the same name!
2022-05-14 19:14:35.240 [restartedMain] WARN  org.mybatis.spring.mapper.ClassPathMapperScanner - No MyBatis mapper was found in '[com.spb.houqin.admin.mapper]' package. Please check your configuration.
2022-05-14 19:20:14.570 [restartedMain] WARN  org.mybatis.spring.mapper.ClassPathMapperScanner - Skipping MapperFactoryBean with name 'loginLogMapper' and 'com.spb.houqin.admin.mapper.LoginLogMapper' mapperInterface. Bean already defined with the same name!
2022-05-14 19:20:14.571 [restartedMain] WARN  org.mybatis.spring.mapper.ClassPathMapperScanner - Skipping MapperFactoryBean with name 'maintainMapper' and 'com.spb.houqin.admin.mapper.MaintainMapper' mapperInterface. Bean already defined with the same name!
2022-05-14 19:20:14.572 [restartedMain] WARN  org.mybatis.spring.mapper.ClassPathMapperScanner - Skipping MapperFactoryBean with name 'operationLogMapper' and 'com.spb.houqin.admin.mapper.OperationLogMapper' mapperInterface. Bean already defined with the same name!
2022-05-14 19:20:14.572 [restartedMain] WARN  org.mybatis.spring.mapper.ClassPathMapperScanner - Skipping MapperFactoryBean with name 'statisticsMapper' and 'com.spb.houqin.admin.mapper.StatisticsMapper' mapperInterface. Bean already defined with the same name!
2022-05-14 19:20:14.573 [restartedMain] WARN  org.mybatis.spring.mapper.ClassPathMapperScanner - Skipping MapperFactoryBean with name 'toolMapper' and 'com.spb.houqin.admin.mapper.ToolMapper' mapperInterface. Bean already defined with the same name!
2022-05-14 19:20:14.573 [restartedMain] WARN  org.mybatis.spring.mapper.ClassPathMapperScanner - Skipping MapperFactoryBean with name 'userMapper' and 'com.spb.houqin.admin.mapper.UserMapper' mapperInterface. Bean already defined with the same name!
2022-05-14 19:20:14.573 [restartedMain] WARN  org.mybatis.spring.mapper.ClassPathMapperScanner - No MyBatis mapper was found in '[com.spb.houqin.admin.mapper]' package. Please check your configuration.
2022-05-14 19:22:29.516 [http-nio-8088-exec-5] WARN  org.springframework.web.servlet.PageNotFound - No mapping found for HTTP request with URI [/admin/tool/%7B%7Bd.img%7D%7D] in DispatcherServlet with name 'dispatcherServlet'
2022-05-14 19:23:26.988 [http-nio-8088-exec-4] WARN  org.springframework.web.servlet.PageNotFound - No mapping found for HTTP request with URI [/admin/maintain/%7B%7Bd.img%7D%7D] in DispatcherServlet with name 'dispatcherServlet'
2022-05-14 19:23:38.522 [http-nio-8088-exec-9] WARN  org.springframework.web.servlet.PageNotFound - No mapping found for HTTP request with URI [/admin/maintain/%7B%7Bd.img%7D%7D] in DispatcherServlet with name 'dispatcherServlet'
2022-05-14 19:23:55.143 [http-nio-8088-exec-6] WARN  org.springframework.web.servlet.PageNotFound - No mapping found for HTTP request with URI [/admin/maintain/%7B%7Bd.img%7D%7D] in DispatcherServlet with name 'dispatcherServlet'
2022-05-14 19:24:23.576 [http-nio-8088-exec-10] WARN  org.springframework.web.servlet.PageNotFound - No mapping found for HTTP request with URI [/admin/maintain/%7B%7Bd.img%7D%7D] in DispatcherServlet with name 'dispatcherServlet'
2022-05-14 19:24:46.855 [http-nio-8088-exec-7] WARN  org.springframework.web.servlet.PageNotFound - No mapping found for HTTP request with URI [/admin/tool/%7B%7Bd.img%7D%7D] in DispatcherServlet with name 'dispatcherServlet'
2022-05-14 19:25:24.436 [http-nio-8088-exec-5] WARN  org.springframework.web.servlet.PageNotFound - No mapping found for HTTP request with URI [/admin/maintain/%7B%7Bd.img%7D%7D] in DispatcherServlet with name 'dispatcherServlet'
2022-05-14 19:25:27.620 [http-nio-8088-exec-6] WARN  org.springframework.web.servlet.PageNotFound - No mapping found for HTTP request with URI [/admin/maintain/%7B%7Bd.img%7D%7D] in DispatcherServlet with name 'dispatcherServlet'
2022-05-14 19:25:40.746 [http-nio-8088-exec-7] WARN  org.springframework.web.servlet.PageNotFound - No mapping found for HTTP request with URI [/admin/maintain/%7B%7Bd.img%7D%7D] in DispatcherServlet with name 'dispatcherServlet'
2022-05-14 19:25:50.997 [http-nio-8088-exec-1] WARN  org.springframework.web.servlet.PageNotFound - No mapping found for HTTP request with URI [/admin/maintain/%7B%7Bd.img%7D%7D] in DispatcherServlet with name 'dispatcherServlet'
2022-05-14 19:26:21.609 [http-nio-8088-exec-3] WARN  org.springframework.web.servlet.PageNotFound - No mapping found for HTTP request with URI [/admin/maintain/%7B%7Bd.img%7D%7D] in DispatcherServlet with name 'dispatcherServlet'
2022-05-14 19:26:25.468 [http-nio-8088-exec-9] WARN  org.springframework.web.servlet.PageNotFound - No mapping found for HTTP request with URI [/admin/maintain/%7B%7Bd.img%7D%7D] in DispatcherServlet with name 'dispatcherServlet'
2022-05-14 23:03:51.815 [restartedMain] WARN  org.mybatis.spring.mapper.ClassPathMapperScanner - Skipping MapperFactoryBean with name 'loginLogMapper' and 'com.spb.houqin.admin.mapper.LoginLogMapper' mapperInterface. Bean already defined with the same name!
2022-05-14 23:03:51.816 [restartedMain] WARN  org.mybatis.spring.mapper.ClassPathMapperScanner - Skipping MapperFactoryBean with name 'maintainMapper' and 'com.spb.houqin.admin.mapper.MaintainMapper' mapperInterface. Bean already defined with the same name!
2022-05-14 23:03:51.816 [restartedMain] WARN  org.mybatis.spring.mapper.ClassPathMapperScanner - Skipping MapperFactoryBean with name 'operationLogMapper' and 'com.spb.houqin.admin.mapper.OperationLogMapper' mapperInterface. Bean already defined with the same name!
2022-05-14 23:03:51.816 [restartedMain] WARN  org.mybatis.spring.mapper.ClassPathMapperScanner - Skipping MapperFactoryBean with name 'statisticsMapper' and 'com.spb.houqin.admin.mapper.StatisticsMapper' mapperInterface. Bean already defined with the same name!
2022-05-14 23:03:51.817 [restartedMain] WARN  org.mybatis.spring.mapper.ClassPathMapperScanner - Skipping MapperFactoryBean with name 'toolMapper' and 'com.spb.houqin.admin.mapper.ToolMapper' mapperInterface. Bean already defined with the same name!
2022-05-14 23:03:51.817 [restartedMain] WARN  org.mybatis.spring.mapper.ClassPathMapperScanner - Skipping MapperFactoryBean with name 'userMapper' and 'com.spb.houqin.admin.mapper.UserMapper' mapperInterface. Bean already defined with the same name!
2022-05-14 23:03:51.817 [restartedMain] WARN  org.mybatis.spring.mapper.ClassPathMapperScanner - No MyBatis mapper was found in '[com.spb.houqin.admin.mapper]' package. Please check your configuration.
2022-05-14 23:34:21.875 [http-nio-8088-exec-3] WARN  org.springframework.web.servlet.PageNotFound - No mapping found for HTTP request with URI [/admin/maintain/%7B%7Bd.img%7D%7D] in DispatcherServlet with name 'dispatcherServlet'
